Script started on 2019-10-20 15:49:31-04:00 [TERM="xterm" TTY="/dev/pts/19" COLUMNS="100" LINES="35"]
thur1@remote03:~/git-repos/i220a/work/lab9$ cd files
thur1@remote03:~/git-repos/i220a/work/lab9/files$ size h[K[K[K[K[K[Kmake
cc -g -Wall  -std=c11    hello.c   -o hello
cc -g -Wall  -std=c11 -S hello.c
thur1@remote03:~/git-repos/i220a/work/lab9/files$ ./hello
usage: ./hello NAME...
thur1@remote03:~/git-repos/i220a/work/lab9/files$ ./hello thomas
hello thomas
thur1@remote03:~/git-repos/i220a/work/lab9/files$ si[K[Ksize -A hello
hello  :
section              size    addr
.interp                28     680
.note.ABI-tag          32     708
.note.gnu.build-id     36     740
.gnu.hash              48     776
.dynsym               240     824
.dynstr               152    1064
.gnu.version           20    1216
.gnu.version_r         32    1240
.rela.dyn             240    1272
.rela.plt              48    1512
.init                  23    4096
.plt                   48    4128
.plt.got                8    4176
.text                 513    4192
.fini                   9    4708
.rodata                33    8192
.eh_frame_hdr          68    8228
.eh_frame             296    8296
.init_array             8   15848
.fini_array             8   15856
.dynamic              480   15864
.got                   40   16344
.got.plt               40   16384
.data                  16   16424
.bss                   48   16448
.comment               28       0
.debug_aranges         48       0
.debug_info           860       0
.debug_abbrev         287       0
.debug_line           308       0
.debug_str            599       0
Total                4644


thur1@remote03:~/git-repos/i220a/work/lab9/files$ objdump -d hello > hello.objdump
thur1@remote03:~/git-repos/i220a/work/lab9/files$ ls
hello  hello.c	hello.objdump  hello.s	Makefile  mystery.o
thur1@remote03:~/git-repos/i220a/work/lab9/files$ emacs hello.objdump
[?1049h[22;0;0t[?12;25h[?1h=[H[2J[35d[K[?1l>[?12l[?25h[?1049l[23;0;0t[39;49m[?1049h[22;0;0t[?12;25h[?1h=[H[2J[34d[?25l[7m-UUU:----F1  [0m[39;49m[27m[7m[1m*scratch*   [0m[39;49m[27m[7m   All L1     (Fundamental) -----------------------------------------------[0m[39;49m[27m
[A[2d[?12l[?25h[?12;25h[35d[?25lLoading /etc/emacs/site-start.d/00debian.el (source)...done[K[H
[?12l[?25h[?12;25h[35;33H[?25l50a2ps.el (source)...[K[H
[?12l[?25h[?12;25h[35;54H[?25ldone[H
[?12l[?25h[?12;25h[35;36H[?25lsymptote.el (source)...[H
[?12l[?25h[?12;25h[35;59H[?25ldone[H
[?12l[?25h[?12;25h[35;36H[?25lutoconf.el (source)...[K[H
[?12l[?25h[?12;25h[35;58H[?25ldone[H
[?12l[?25h[?12;25h[35;35H[?25lcmake-data.el (source)...[K[H
[?12l[?25h[?12;25h[35;60H[?25ldone[H
[?12l[?25h[?12;25h[35;35H[?25ldictionaries-common.el (source)...[H
[?12l[?25h[?12;25h[35;9H[?25ldebian-ispell...[K[H
[?12l[?25h[?12;25h[35;9H[?25l/var/cache/dictionaries-common/emacsen-ispell-default.el (source)...[H
[?12l[?25h[?12;25h[35;77H[?25ldone[H
[?12l[?25h[?12;25h[35;9H[?25ldebian-ispell...done[K[H
[?12l[?25h[?12;25h[35;9H[?25l/var/cache/dictionaries-common/emacsen-ispell-dicts.el (source)...[H
[?12l[?25h[?12;25h[35;75H[?25ldone[H
[?12l[?25h[?12;25h[35;10H[?25letc/emacs/site-start.d/50dictionaries-common[6P[H
[?12l[?25h[?12;25h[35;35H[?25lerlang-mode.el (source)...[K[H
[?12l[?25h[?12;25h[35;61H[?25ldone[H
[?12l[?25h[?12;25h[35;35H[?25lhaskell-mode.el (source)...[K[H
[?12l[?25h[?12;25h[35;10H[?25lusr/share/emacs/site-lisp/elpa/haskel[34@l-mode-16.1/haskell-mode-autoloads[H
[?12l[?25h[?12;25h[35;96H[?25ldone[H
[?12l[?25h[?12;25h[35;10H[?25letc/emacs/site-start.d/50haskell-mode[34P[H
[?12l[?25h[?12;25h[35;35H[?25llatex-cjk-common.el (source)...[H
[?12l[?25h[?12;25h[35;10H[?25lusr/share/emacs/site-lisp/latex-cjk-commo[9@n/cjk-enc[H
[?12l[?25h[?12;25h[35;75H[?25ldone[H
[?12l[?25h[?12;25h[35;10H[?25letc/emacs/site-start.d/50latex-cjk-common[9P[H
[?12l[?25h[?12;25h[35;45H[?25lthai.el (source)...[K[H
[?12l[?25h[?12;25h[35;64H[?25ldone[H
[?12l[?25h[?12;25h[35;35H[?25lpsvn.el (source)...[K[H
[?12l[?25h[?12;25h[35;54H[?25ldone[H
[?12l[?25h[?12;25h[35;36H[?25lython-docutils.el (source)...[H
[?12l[?25h[?12;25h[35;65H[?25ldone[H
[?12l[?25h[?12;25h[35;35H[?25ltcsh.el (source)...[K[H
[?12l[?25h[?12;25h[35;54H[?25ldone[H
[?12l[?25h[?12;25h[35;36H[?25lexlive-lang-english.el (source)...[H
[?12l[?25h[?12;25h[35;70H[?25ldone[H
[?12l[?25h[?12;25h[>0c[35d[?25lLoading /etc/emacs/site-start.d/50texlive-lang-english.el (source)...done[K[H[7mFile Edit Options Buffers Tools Lisp-Interaction Help                                               [0m[39;49m[27m
[A
[K
[K
[K
[K
[K
[K
[K
[K
[K
[K
[K
[K
[K
[K
[K
[K
[K
[K
[K
[K
[K
[K
[K
[K
[K
[K
[K
[K
[K
[K
[K
[K
[7m-UUU:----F1  [0m[39;49m[27m[7m[1m*scratch*   [0m[39;49m[27m[7m   All L1     (Lisp Interaction ElDoc) ------------------------------------[0m[39;49m[27m
[A[2d[?12l[?25h[?12;25h[?2004h[35d[?25lFor information about GNU Emacs and the GNU system, type C-h C-a.[K[H
[?12l[?25h[?12;25h[35d[K[H[?25l[7mFile Edit Options Buffers Tools Help                                                                [0m[39;49m[27m
[A
[K
hello:     file format elf64-x86-64[K
[K
[K
Disassembly of section .init:[K
[K
0000000000001000 <_init>:[K
    1000:       48 83 ec 08             sub    $0x8,%rsp[K
    1004:       48 8b 05 dd 2f 00 00    mov    0x2fdd(%rip),%rax        # 3fe8 <__gmon_start__>[K
    100b:       48 85 c0                test   %rax,%rax[K
    100e:       74 02                   je     1012 <_init+0x12>[K
    1010:       ff d0                   callq  *%rax[K
    1012:       48 83 c4 08             add    $0x8,%rsp[K
    1016:       c3                      retq[K
[K
Disassembly of section .plt:[K
[K
0000000000001020 <.plt>:[K
    1020:       ff 35 e2 2f 00 00       pushq  0x2fe2(%rip)        # 4008 <_GLOBAL_OFFSET_TABLE_+0x\
[A
8>[K
    1026:       ff 25 e4 2f 00 00       jmpq   *0x2fe4(%rip)        # 4010 <_GLOBAL_OFFSET_TABLE_+0\
[A
x10>[K
    102c:       0f 1f 40 00             nopl   0x0(%rax)[K
[K
0000000000001030 <fprintf@plt>:[K
    1030:       ff 25 e2 2f 00 00       jmpq   *0x2fe2(%rip)        # 4018 <fprintf@GLIBC_2.2.5>[K
    1036:       68 00 00 00 00          pushq  $0x0[K
    103b:       e9 e0 ff ff ff          jmpq   1020 <.plt>[K
[K
0000000000001040 <exit@plt>:[K
    1040:       ff 25 da 2f 00 00       jmpq   *0x2fda(%rip)        # 4020 <exit@GLIBC_2.2.5>[K
    1046:       68 01 00 00 00          pushq  $0x1[K
[7m-UU-:----F1  [0m[39;49m[27m[7m[1mhello.objdump[0m[39;49m[27m[7m   Top L2     (Fundamental) ----------------------------------------------[0m[39;49m[27m
[A[3d[?12l[?25h[?12;25h[34;35H[?25l[7m3[0m[39;49m[27m[4;1H[?12l[?25h[?12;25h[34;35H[?25l[7m4[0m[39;49m[27m[5;1H[?12l[?25h[?12;25h[34;35H[?25l[7m5[0m[39;49m[27m[6;1H[?12l[?25h[?12;25h[34;35H[?25l[7m6[0m[39;49m[27m[7;1H[?12l[?25h[?12;25h[34;35H[?25l[7m7[0m[39;49m[27m[8;1H[?12l[?25h[?12;25h[34;35H[?25l[7m8[0m[39;49m[27m[9;1H[?12l[?25h[?12;25h[34;35H[?25l[7m9[0m[39;49m[27m[10;1H[?12l[?25h[?12;25h[34;35H[?25l[7m10[0m[39;49m[27m[11;1H[?12l[?25h[?12;25h[34;36H[?25l[7m1[0m[39;49m[27m[12;1H[?12l[?25h[?12;25h[34;36H[?25l[7m2[0m[39;49m[27m[13;1H[?12l[?25h[?12;25h[34;36H[?25l[7m3[0m[39;49m[27m[14;1H[?12l[?25h[?12;25h[34;36H[?25l[7m4[0m[39;49m[27m[15;1H[?12l[?25h[?12;25h[34;36H[?25l[7m5[0m[39;49m[27m[16;1H[?12l[?25h[?12;25h[34;36H[?25l[7m6[0m[39;49m[27m[17;1H[?12l[?25h[?12;25h[34;36H[?25l[7m7[0m[39;49m[27m[18;1H[?12l[?25h[?12;25h[34;36H[?25l[7m8[0m[39;49m[27m[19;1H[?12l[?25h[?12;25h[34;36H[?25l[7m9[0m[39;49m[27m[20;1H[?12l[?25h[?12;25h
[34;35H[?25l[7m20[0m[39;49m[27m[22;1H[?12l[?25h[?12;25h
[34;36H[?25l[7m1[0m[39;49m[27m[24;1H[?12l[?25h[?12;25h[34;36H[?25l[7m2[0m[39;49m[27m[25;1H[?12l[?25h[?12;25h[34;36H[?25l[7m3[0m[39;49m[27m[26;1H[?12l[?25h[?12;25h[34;36H[?25l[7m4[0m[39;49m[27m[27;1H[?12l[?25h[?12;25h[34;36H[?25l[7m5[0m[39;49m[27m[28;1H[?12l[?25h[?12;25h[34;36H[?25l[7m6[0m[39;49m[27m[29;1H[?12l[?25h[?12;25h[34;36H[?25l[7m7[0m[39;49m[27m[30;1H[?12l[?25h[?12;25h[34;36H[?25l[7m8[0m[39;49m[27m[31;1H[?12l[?25h[?12;25h[34;36H[?25l[7m9[0m[39;49m[27m[32;1H[?12l[?25h[?12;25h[34;35H[?25l[7m30[0m[39;49m[27m[A[?12l[?25h[?12;25h[1;33r[3;1H[16M[1;35r[18;1H[?25l    104b:       e9 d0 ff ff ff          jmpq   1020 <.plt>[K
[K
Disassembly of section .plt.got:[K
[K
0000000000001050 <__cxa_finalize@plt>:[K
    1050:       ff 25 a2 2f 00 00       jmpq   *0x2fa2(%rip)        # 3ff8 <__cxa_finalize@GLIBC_2.\
[A
2.5>[K
    1056:       66 90                   xchg   %ax,%ax[K
[K
Disassembly of section .text:[K
[K
0000000000001060 <_start>:[K
    1060:       31 ed                   xor    %ebp,%ebp[K
    1062:       49 89 d1                mov    %rdx,%r9[K
    1065:       5e                      pop    %rsi[K
    1066:       48 89 e2                mov    %rsp,%rdx[K[34;30H[7m 6% L31[0m[39;49m[27m[18;1H[?12l[?25h[?12;25h[34;36H[?25l[7m2[0m[39;49m[27m[19;1H[?12l[?25h[?12;25h[34;36H[?25l[7m3[0m[39;49m[27m[20;1H[?12l[?25h[?12;25h[34;36H[?25l[7m4[0m[39;49m[27m[21;1H[?12l[?25h[?12;25h[34;36H[?25l[7m5[0m[39;49m[27m[22;1H[?12l[?25h[?12;25h[34;36H[?25l[7m6[0m[39;49m[27m[23;1H[?12l[?25h[?12;25h
[34;36H[?25l[7m7[0m[39;49m[27m[25;1H[?12l[?25h[?12;25h[34;36H[?25l[7m8[0m[39;49m[27m[26;1H[?12l[?25h[?12;25h[34;36H[?25l[7m9[0m[39;49m[27m[27;1H[?12l[?25h[?12;25h[34;35H[?25l[7m40[0m[39;49m[27m[28;1H[?12l[?25h[?12;25h[34;36H[?25l[7m1[0m[39;49m[27m[29;1H[?12l[?25h[?12;25h[34;36H[?25l[7m2[0m[39;49m[27m[30;1H[?12l[?25h[?12;25h[34;36H[?25l[7m3[0m[39;49m[27m[31;1H[?12l[?25h[?12;25h[34;36H[?25l[7m4[0m[39;49m[27m[32;1H[?12l[?25h[?12;25h[34;36H[?25l[7m5[0m[39;49m[27m[A[?12l[?25h[?12;25h[1;33r[2;1H[16M[1;35r[18;1H[?25l    1069:       48 83 e4 f0             and    $0xfffffffffffffff0,%rsp[K
    106d:       50                      push   %rax[K
    106e:       54                      push   %rsp[K
    106f:       4c 8d 05 ea 01 00 00    lea    0x1ea(%rip),%r8        # 1260 <__libc_csu_fini>[K
    1076:       48 8d 0d 83 01 00 00    lea    0x183(%rip),%rcx        # 1200 <__libc_csu_init>[K
    107d:       48 8d 3d f0 00 00 00    lea    0xf0(%rip),%rdi        # 1174 <main>[K
    1084:       ff 15 56 2f 00 00       callq  *0x2f56(%rip)        # 3fe0 <__libc_start_main@GLIBC\
[A
_2.2.5>[K
    108a:       f4                      hlt[K
    108b:       0f 1f 44 00 00          nopl   0x0(%rax,%rax,1)[K
[K
0000000000001090 <deregister_tm_clones>:[K
    1090:       48 8d 3d a1 2f 00 00    lea    0x2fa1(%rip),%rdi        # 4038 <__TMC_END__>[K
    1097:       48 8d 05 9a 2f 00 00    lea    0x2f9a(%rip),%rax        # 4038 <__TMC_END__>[K
    109e:       48 39 f8                cmp    %rdi,%rax[K
    10a1:       74 15                   je     10b8 <deregister_tm_clones+0x28>[K[34;30H[7m12% L46[0m[39;49m[27m[18;1H[?12l[?25h[?12;25h[34;36H[?25l[7m7[0m[39;49m[27m[19;1H[?12l[?25h[?12;25h[34;36H[?25l[7m8[0m[39;49m[27m[20;1H[?12l[?25h[?12;25h[34;36H[?25l[7m9[0m[39;49m[27m[21;1H[?12l[?25h[?12;25h[34;35H[?25l[7m50[0m[39;49m[27m[22;1H[?12l[?25h[?12;25h[34;36H[?25l[7m1[0m[39;49m[27m[23;1H[?12l[?25h[?12;25h[34;36H[?25l[7m2[0m[39;49m[27m[24;1H[?12l[?25h[?12;25h
[34;36H[?25l[7m3[0m[39;49m[27m[26;1H[?12l[?25h[?12;25h[34;36H[?25l[7m4[0m[39;49m[27m[27;1H[?12l[?25h[?12;25h[34;36H[?25l[7m5[0m[39;49m[27m[28;1H[?12l[?25h[?12;25h[34;36H[?25l[7m6[0m[39;49m[27m[29;1H[?12l[?25h[?12;25h[34;36H[?25l[7m7[0m[39;49m[27m[30;1H[?12l[?25h[?12;25h[34;36H[?25l[7m8[0m[39;49m[27m[31;1H[?12l[?25h[?12;25h[34;36H[?25l[7m9[0m[39;49m[27m[32;1H[?12l[?25h[?12;25h[34;35H[?25l[7m60[0m[39;49m[27m[A[?12l[?25h[?12;25h[1;33r[2;1H[16M[1;35r[18;1H[?25l    10a3:       48 8b 05 2e 2f 00 00    mov    0x2f2e(%rip),%rax        # 3fd8 <_ITM_deregisterTMCl\
[A
oneTable>[K
    10aa:       48 85 c0                test   %rax,%rax[K
    10ad:       74 09                   je     10b8 <deregister_tm_clones+0x28>[K
    10af:       ff e0                   jmpq   *%rax[K
    10b1:       0f 1f 80 00 00 00 00    nopl   0x0(%rax)[K
    10b8:       c3                      retq[K
    10b9:       0f 1f 80 00 00 00 00    nopl   0x0(%rax)[K
[K
00000000000010c0 <register_tm_clones>:[K
    10c0:       48 8d 3d 71 2f 00 00    lea    0x2f71(%rip),%rdi        # 4038 <__TMC_END__>[K
    10c7:       48 8d 35 6a 2f 00 00    lea    0x2f6a(%rip),%rsi        # 4038 <__TMC_END__>[K
    10ce:       48 29 fe                sub    %rdi,%rsi[K
    10d1:       48 c1 fe 03             sar    $0x3,%rsi[K
    10d5:       48 89 f0                mov    %rsi,%rax[K
    10d8:       48 c1 e8 3f             shr    $0x3f,%rax[K[34;31H[7m7% L61[0m[39;49m[27m[18;1H[?12l[?25h[?12;25h
[34;36H[?25l[7m2[0m[39;49m[27m[20;1H[?12l[?25h[?12;25h[34;36H[?25l[7m3[0m[39;49m[27m[21;1H[?12l[?25h[?12;25h[34;36H[?25l[7m4[0m[39;49m[27m[22;1H[?12l[?25h[?12;25h[34;36H[?25l[7m5[0m[39;49m[27m[23;1H[?12l[?25h[?12;25h[34;36H[?25l[7m6[0m[39;49m[27m[24;1H[?12l[?25h[?12;25h[34;36H[?25l[7m7[0m[39;49m[27m[25;1H[?12l[?25h[?12;25h[34;36H[?25l[7m8[0m[39;49m[27m[26;1H[?12l[?25h[?12;25h[34;36H[?25l[7m9[0m[39;49m[27m[27;1H[?12l[?25h[?12;25h[34;35H[?25l[7m70[0m[39;49m[27m[28;1H[?12l[?25h[?12;25h[34;36H[?25l[7m1[0m[39;49m[27m[29;1H[?12l[?25h[?12;25h[34;36H[?25l[7m2[0m[39;49m[27m[30;1H[?12l[?25h[?12;25h[34;36H[?25l[7m3[0m[39;49m[27m[31;1H[?12l[?25h[?12;25h[34;36H[?25l[7m4[0m[39;49m[27m[32;1H[?12l[?25h[?12;25h[34;36H[?25l[7m5[0m[39;49m[27m[A[?12l[?25h[?12;25h[1;33r[2;1H[16M[1;35r[18;1H[?25l    10dc:       48 01 c6                add    %rax,%rsi[K
    10df:       48 d1 fe                sar    %rsi[K
    10e2:       74 14                   je     10f8 <register_tm_clones+0x38>[K
    10e4:       48 8b 05 05 2f 00 00    mov    0x2f05(%rip),%rax        # 3ff0 <_ITM_registerTMClon\
[A
eTable>[K
    10eb:       48 85 c0                test   %rax,%rax[K
    10ee:       74 08                   je     10f8 <register_tm_clones+0x38>[K
    10f0:       ff e0                   jmpq   *%rax[K
    10f2:       66 0f 1f 44 00 00       nopw   0x0(%rax,%rax,1)[K
    10f8:       c3                      retq[K
    10f9:       0f 1f 80 00 00 00 00    nopl   0x0(%rax)[K
[K
0000000000001100 <__do_global_dtors_aux>:[K
    1100:       80 3d 61 2f 00 00 00    cmpb   $0x0,0x2f61(%rip)        # 4068 <completed.7325>[K
    1107:       75 2f                   jne    1138 <__do_global_dtors_aux+0x38>[K
    1109:       55                      push   %rbp[K[34;30H[7m27% L76[0m[39;49m[27m[18;1H[?12l[?25h[?12;25h[34;36H[?25l[7m7[0m[39;49m[27m[19;1H[?12l[?25h[?12;25h[34;36H[?25l[7m8[0m[39;49m[27m[20;1H[?12l[?25h[?12;25h[34;36H[?25l[7m9[0m[39;49m[27m[21;1H[?12l[?25h[?12;25h
[34;35H[?25l[7m80[0m[39;49m[27m[23;1H[?12l[?25h[?12;25h[34;36H[?25l[7m1[0m[39;49m[27m[24;1H[?12l[?25h[?12;25h[34;36H[?25l[7m2[0m[39;49m[27m[25;1H[?12l[?25h[?12;25h[34;36H[?25l[7m3[0m[39;49m[27m[26;1H[?12l[?25h[?12;25h[34;36H[?25l[7m4[0m[39;49m[27m[27;1H[?12l[?25h[?12;25h[34;36H[?25l[7m5[0m[39;49m[27m[28;1H[?12l[?25h[?12;25h[34;36H[?25l[7m6[0m[39;49m[27m[29;1H[?12l[?25h[?12;25h[34;36H[?25l[7m7[0m[39;49m[27m[30;1H[?12l[?25h[?12;25h[34;36H[?25l[7m8[0m[39;49m[27m[31;1H[?12l[?25h[?12;25h[34;36H[?25l[7m9[0m[39;49m[27m[32;1H[?12l[?25h[?12;25h[34;35H[?25l[7m90[0m[39;49m[27m[A[?12l[?25h[?12;25h[1;33r[2;1H[16M[1;35r[18;1H[?25l    110a:       48 83 3d e6 2e 00 00    cmpq   $0x0,0x2ee6(%rip)        # 3ff8 <__cxa_finalize@GLIB\
[A
C_2.2.5>[K
    1111:       00[K
    1112:       48 89 e5                mov    %rsp,%rbp[K
    1115:       74 0c                   je     1123 <__do_global_dtors_aux+0x23>[K
    1117:       48 8b 3d 12 2f 00 00    mov    0x2f12(%rip),%rdi        # 4030 <__dso_handle>[K
    111e:       e8 2d ff ff ff          callq  1050 <__cxa_finalize@plt>[K
    1123:       e8 68 ff ff ff          callq  1090 <deregister_tm_clones>[K
    1128:       c6 05 39 2f 00 00 01    movb   $0x1,0x2f39(%rip)        # 4068 <completed.7325>[K
    112f:       5d                      pop    %rbp[K
    1130:       c3                      retq[K
    1131:       0f 1f 80 00 00 00 00    nopl   0x0(%rax)[K
    1138:       c3                      retq[K
    1139:       0f 1f 80 00 00 00 00    nopl   0x0(%rax)[K
[K
0000000000001140 <frame_dummy>:[K
[7m35% L91[0m[39;49m[27m[18;1H[?12l[?25h[?12;25h
[34;36H[?25l[7m2[0m[39;49m[27m[20;1H[?12l[?25h[?12;25h[34;36H[?25l[7m3[0m[39;49m[27m[21;1H[?12l[?25h[?12;25h[34;36H[?25l[7m4[0m[39;49m[27m[22;1H[?12l[?25h[?12;25h[34;36H[?25l[7m5[0m[39;49m[27m[23;1H[?12l[?25h[?12;25h[34;36H[?25l[7m7[0m[39;49m[27m[25;1H[?12l[?25h[?12;25h[34;35H[?25l[7m100[0m[39;49m[27m[28;1H[?12l[?25h[?12;25h[34;37H[?25l[7m1[0m[39;49m[27m[29;1H[?12l[?25h[?12;25h[34;37H[?25l[7m2[0m[39;49m[27m[30;1H[?12l[?25h[?12;25h[34;37H[?25l[7m3[0m[39;49m[27m[31;1H[?12l[?25h[?12;25h[34;37H[?25l[7m4[0m[39;49m[27m[32;1H[?12l[?25h[?12;25h[1;33r[2;1H[18M[1;35r[16;1H[?25l    1140:       e9 7b ff ff ff          jmpq   10c0 <register_tm_clones>[K
[K
0000000000001145 <hello>:[K
    1145:       55                      push   %rbp[K
    1146:       48 89 e5                mov    %rsp,%rbp[K
    1149:       48 83 ec 10             sub    $0x10,%rsp[K
    114d:       48 89 7d f8             mov    %rdi,-0x8(%rbp)[K
    1151:       48 89 75 f0             mov    %rsi,-0x10(%rbp)[K
    1155:       48 8b 55 f0             mov    -0x10(%rbp),%rdx[K
    1159:       48 8b 45 f8             mov    -0x8(%rbp),%rax[K
    115d:       48 8d 35 a0 0e 00 00    lea    0xea0(%rip),%rsi        # 2004 <_IO_stdin_used+0x4>[K
    1164:       48 89 c7                mov    %rax,%rdi[K
    1167:       b8 00 00 00 00          mov    $0x0,%eax[K
    116c:       e8 bf fe ff ff          callq  1030 <fprintf@plt>[K
    1171:       90                      nop[K
    1172:       c9                      leaveq[K
    1173:       c3                      retq[K
[K[34;30H[7m44% L108[0m[39;49m[27m[18;1H[?12l[?25h[?12;25h[34;37H[?25l[7m9[0m[39;49m[27m[19;1H[?12l[?25h[?12;25h[34;36H[?25l[7m15[0m[39;49m[27m[25;1H[?12l[?25h[?12;25h[34;37H[?25l[7m9[0m[39;49m[27m[29;1H[?12l[?25h[?12;25h[34;36H[?25l[7m20[0m[39;49m[27m[30;1H[?12l[?25h[?12;25h[34;37H[?25l[7m3[0m[39;49m[27m[A[?12l[?25h[?12;25h[1;32r[2;1H[16M[1;35r[17;1H[K
[?25l0000000000001174 <main>:[K
    1174:       55                      push   %rbp[K
    1175:       48 89 e5                mov    %rsp,%rbp[K
    1178:       48 83 ec 20             sub    $0x20,%rsp[K
    117c:       89 7d ec                mov    %edi,-0x14(%rbp)[K
    117f:       48 89 75 e0             mov    %rsi,-0x20(%rbp)[K
    1183:       83 7d ec 01             cmpl   $0x1,-0x14(%rbp)[K
    1187:       75 2c                   jne    11b5 <main+0x41>[K
    1189:       48 8b 45 e0             mov    -0x20(%rbp),%rax[K
    118d:       48 8b 10                mov    (%rax),%rdx[K
    1190:       48 8b 05 c9 2e 00 00    mov    0x2ec9(%rip),%rax        # 4060 <stderr@@GLIBC_2.2.5\
[A
>[K
    1197:       48 8d 35 70 0e 00 00    lea    0xe70(%rip),%rsi        # 200e <_IO_stdin_used+0xe>[K
    119e:       48 89 c7                mov    %rax,%rdi[K
    11a1:       b8 00 00 00 00          mov    $0x0,%eax[K[33;5H11a6:       e8 85 fe ff ff          callq  1030 <fprintf@plt>[34;30H[7m52% L124[0m[39;49m[27m[18;1H[?12l[?25h[?12;25h[34;37H[?25l[7m6[0m[39;49m[27m[20;1H[?12l[?25h[?12;25h[34;37H[?25l[7m7[0m[39;49m[27m[21;1H[?12l[?25h[?12;25h[34;36H[?25l[7m30[0m[39;49m[27m[24;1H[?12l[?25h[?12;25h[34;37H[?25l[7m1[0m[39;49m[27m[25;1H[?12l[?25h[?12;25h[34;37H[?25l[7m4[0m[39;49m[27m[28;1H[?12l[?25h[?12;25h
[34;37H[?25l[7m5[0m[39;49m[27m[30;1H[?12l[?25h[?12;25h[34;37H[?25l[7m6[0m[39;49m[27m[31;1H[?12l[?25h[?12;25h[34;37H[?25l[7m7[0m[39;49m[27m[32;1H[?12l[?25h[?12;25h[1;33r[2;1H[17M[1;35r[17;1H[?25l    11ab:       bf ef be ad de          mov    $0xdeadbeef,%edi[K
    11b0:       e8 8b fe ff ff          callq  1040 <exit@plt>[K
    11b5:       c7 45 fc 01 00 00 00    movl   $0x1,-0x4(%rbp)[K
    11bc:       eb 2d                   jmp    11eb <main+0x77>[K
    11be:       8b 45 fc                mov    -0x4(%rbp),%eax[K
    11c1:       48 98                   cltq[K
    11c3:       48 8d 14 c5 00 00 00    lea    0x0(,%rax,8),%rdx[K
    11ca:       00[K
    11cb:       48 8b 45 e0             mov    -0x20(%rbp),%rax[K
    11cf:       48 01 d0                add    %rdx,%rax[K
    11d2:       48 8b 10                mov    (%rax),%rdx[K
    11d5:       48 8b 05 64 2e 00 00    mov    0x2e64(%rip),%rax        # 4040 <stdout@@GLIBC_2.2.5\
[A
>[K
    11dc:       48 89 d6                mov    %rdx,%rsi[K
    11df:       48 89 c7                mov    %rax,%rdi[K
    11e2:       e8 5e ff ff ff          callq  1145 <hello>[K
    11e7:       83 45 fc 01             addl   $0x1,-0x4(%rbp)[K[34;30H[7m60% L140[0m[39;49m[27m[18;1H[?12l[?25h[?12;25h[34;37H[?25l[7m1[0m[39;49m[27m[19;1H[?12l[?25h[?12;25h[34;37H[?25l[7m3[0m[39;49m[27m[21;1H[?12l[?25h[?12;25h[34;37H[?25l[7m4[0m[39;49m[27m[22;1H[?12l[?25h[?12;25h[34;37H[?25l[7m5[0m[39;49m[27m[23;1H[?12l[?25h[?12;25h[34;37H[?25l[7m6[0m[39;49m[27m[24;1H[?12l[?25h[?12;25h[34;37H[?25l[7m7[0m[39;49m[27m[25;1H[?12l[?25h[?12;25h[34;36H[?25l[7m50[0m[39;49m[27m[28;1H[?12l[?25h[?12;25h
[34;37H[?25l[7m1[0m[39;49m[27m[30;1H[?12l[?25h[?12;25h[34;37H[?25l[7m2[0m[39;49m[27m[31;1H[?12l[?25h[?12;25h[34;37H[?25l[7m3[0m[39;49m[27m[32;1H[?12l[?25h[?12;25h[34;37H[?25l[7m4[0m[39;49m[27m[A[?12l[?25h[?12;25h[1;33r[2;1H[16M[1;35r[18;1H[?25l    11eb:       8b 45 fc                mov    -0x4(%rbp),%eax[K
    11ee:       3b 45 ec                cmp    -0x14(%rbp),%eax[K
    11f1:       7c cb                   jl     11be <main+0x4a>[K
    11f3:       b8 00 00 00 00          mov    $0x0,%eax[K
    11f8:       c9                      leaveq[K
    11f9:       c3                      retq[K
    11fa:       66 0f 1f 44 00 00       nopw   0x0(%rax,%rax,1)[K
[K
0000000000001200 <__libc_csu_init>:[K
    1200:       41 57                   push   %r15[K
    1202:       49 89 d7                mov    %rdx,%r15[K
    1205:       41 56                   push   %r14[K
    1207:       49 89 f6                mov    %rsi,%r14[K
    120a:       41 55                   push   %r13[K
    120c:       41 89 fd                mov    %edi,%r13d[K
    120f:       41 54                   push   %r12[K[34;31H[7m8% L155[0m[39;49m[27m[18;1H[?12l[?25h[?12;25h[34;37H[?25l[7m6[0m[39;49m[27m[19;1H[?12l[?25h[?12;25h[34;37H[?25l[7m7[0m[39;49m[27m[20;1H[?12l[?25h[?12;25h[34;37H[?25l[7m8[0m[39;49m[27m[21;1H[?12l[?25h[?12;25h[34;37H[?25l[7m9[0m[39;49m[27m[22;1H[?12l[?25h[?12;25h[34;36H[?25l[7m60[0m[39;49m[27m[23;1H[?12l[?25h[?12;25h[34;37H[?25l[7m1[0m[39;49m[27m[24;1H[?12l[?25h[?12;25h[34;37H[?25l[7m2[0m[39;49m[27m[25;1H[?12l[?25h[?12;25h[34;37H[?25l[7m3[0m[39;49m[27m[26;1H[?12l[?25h[?12;25h[34;37H[?25l[7m4[0m[39;49m[27m[27;1H[?12l[?25h[?12;25h[34;37H[?25l[7m5[0m[39;49m[27m[28;1H[?12l[?25h[?12;25h[34;37H[?25l[7m6[0m[39;49m[27m[29;1H[?12l[?25h[?12;25h[34;37H[?25l[7m7[0m[39;49m[27m[30;1H[?12l[?25h[?12;25h[34;37H[?25l[7m8[0m[39;49m[27m[31;1H[?12l[?25h[?12;25h[34;37H[?25l[7m9[0m[39;49m[27m[32;1H[?12l[?25h[?12;25h[34;36H[?25l[7m70[0m[39;49m[27m[A[?12l[?25h[?12;25h[1;33r[2;1H[16M[1;35r[18;1H[?25l    1211:       4c 8d 25 d0 2b 00 00    lea    0x2bd0(%rip),%r12        # 3de8 <__frame_dummy_init_\
[A
array_entry>[K
    1218:       55                      push   %rbp[K
    1219:       48 8d 2d d0 2b 00 00    lea    0x2bd0(%rip),%rbp        # 3df0 <__init_array_end>[K
    1220:       53                      push   %rbx[K
    1221:       4c 29 e5                sub    %r12,%rbp[K
    1224:       48 83 ec 08             sub    $0x8,%rsp[K
    1228:       e8 d3 fd ff ff          callq  1000 <_init>[K
    122d:       48 c1 fd 03             sar    $0x3,%rbp[K
    1231:       74 1b                   je     124e <__libc_csu_init+0x4e>[K
    1233:       31 db                   xor    %ebx,%ebx[K
    1235:       0f 1f 00                nopl   (%rax)[K
    1238:       4c 89 fa                mov    %r15,%rdx[K
    123b:       4c 89 f6                mov    %r14,%rsi[K
    123e:       44 89 ef                mov    %r13d,%edi[K
    1241:       41 ff 14 dc             callq  *(%r12,%rbx,8)[K[34;30H[7m76% L171[0m[39;49m[27m[18;1H[?12l[?25h[?12;25h
[34;37H[?25l[7m2[0m[39;49m[27m[20;1H[?12l[?25h[?12;25h[34;37H[?25l[7m3[0m[39;49m[27m[21;1H[?12l[?25h[?12;25h[34;37H[?25l[7m4[0m[39;49m[27m[22;1H[?12l[?25h[?12;25h[34;37H[?25l[7m5[0m[39;49m[27m[23;1H[?12l[?25h[?12;25h[34;37H[?25l[7m6[0m[39;49m[27m[24;1H[?12l[?25h[?12;25h[34;37H[?25l[7m7[0m[39;49m[27m[25;1H[?12l[?25h[?12;25h[34;37H[?25l[7m8[0m[39;49m[27m[26;1H[?12l[?25h[?12;25h[34;37H[?25l[7m9[0m[39;49m[27m[27;1H[?12l[?25h[?12;25h[34;36H[?25l[7m80[0m[39;49m[27m[28;1H[?12l[?25h[?12;25h[34;37H[?25l[7m1[0m[39;49m[27m[29;1H[?12l[?25h[?12;25h[34;37H[?25l[7m2[0m[39;49m[27m[30;1H[?12l[?25h[?12;25h[34;37H[?25l[7m3[0m[39;49m[27m[31;1H[?12l[?25h[?12;25h[34;37H[?25l[7m4[0m[39;49m[27m[32;1H[?12l[?25h[?12;25h[34;37H[?25l[7m5[0m[39;49m[27m[A[?12l[?25h[?12;25h[1;33r[2;1H[16M[1;35r[18;1H[?25l    1245:       48 83 c3 01             add    $0x1,%rbx[K
    1249:       48 39 dd                cmp    %rbx,%rbp[K
    124c:       75 ea                   jne    1238 <__libc_csu_init+0x38>[K
    124e:       48 83 c4 08             add    $0x8,%rsp[K
    1252:       5b                      pop    %rbx[K
    1253:       5d                      pop    %rbp[K
    1254:       41 5c                   pop    %r12[K
    1256:       41 5d                   pop    %r13[K
    1258:       41 5e                   pop    %r14[K
    125a:       41 5f                   pop    %r15[K
    125c:       c3                      retq[K
    125d:       0f 1f 00                nopl   (%rax)[K
[K
0000000000001260 <__libc_csu_fini>:[K
    1260:       c3                      retq[K
[K[34;30H[7m84% L186[0m[39;49m[27m[18;1H[?12l[?25h[?12;25h[34;37H[?25l[7m7[0m[39;49m[27m[19;1H[?12l[?25h[?12;25h[34;37H[?25l[7m8[0m[39;49m[27m[20;1H[?12l[?25h[?12;25h[34;37H[?25l[7m9[0m[39;49m[27m[21;1H[?12l[?25h[?12;25h[34;36H[?25l[7m90[0m[39;49m[27m[22;1H[?12l[?25h[?12;25h[34;37H[?25l[7m1[0m[39;49m[27m[23;1H[?12l[?25h[?12;25h[34;37H[?25l[7m2[0m[39;49m[27m[24;1H[?12l[?25h[?12;25h[34;37H[?25l[7m3[0m[39;49m[27m[25;1H[?12l[?25h[?12;25h[34;37H[?25l[7m4[0m[39;49m[27m[26;1H[?12l[?25h[?12;25h[34;37H[?25l[7m5[0m[39;49m[27m[27;1H[?12l[?25h[?12;25h[34;37H[?25l[7m6[0m[39;49m[27m[28;1H[?12l[?25h[?12;25h[34;37H[?25l[7m7[0m[39;49m[27m[29;1H[?12l[?25h[?12;25h[34;37H[?25l[7m8[0m[39;49m[27m[30;1H[?12l[?25h[?12;25h[34;37H[?25l[7m9[0m[39;49m[27m[31;1H[?12l[?25h[?12;25h[34;35H[?25l[7m200[0m[39;49m[27m[32;1H[?12l[?25h[?12;25h[34;37H[?25l[7m1[0m[39;49m[27m[A[?12l[?25h[?12;25h[1;32r[2;1H[16M[1;35r[17;1H[K
[?25lDisassembly of section .fini:[K
[K
0000000000001264 <_fini>:[K
    1264:       48 83 ec 08             sub    $0x8,%rsp[K
    1268:       48 83 c4 08             add    $0x8,%rsp[K
    126c:       c3                      retq[K
[K
[K
[K
[K
[K
[K
[K
[K
[K[34;30H[7mBot L202[0m[39;49m[27m[18;1H[?12l[?25h[?12;25h[34;37H[?25l[7m4[0m[39;49m[27m[20;1H[?12l[?25h[?12;25h[34;37H[?25l[7m5[0m[39;49m[27m[21;1H[?12l[?25h[?12;25h[34;37H[?25l[7m6[0m[39;49m[27m[22;1H[?12l[?25h[?12;25h[34;37H[?25l[7m7[0m[39;49m[27m[23;1H[?12l[?25h[?12;25h[34;37H[?25l[7m8[0m[39;49m[27m[24;1H[?12l[?25h[?12;25h[35d[?25lEnd of buffer[24;1H[?12l[?25h[?12;25h[35d[K[24d[35d[K[?2004l[?1l>[?12l[?25h[?1049l[23;0;0t[39;49mthur1@remote03:~/git-repos/i220a/work/lab9/files$ objdum [Ko [K[Kp -d -s -x hello > hello.objdump
thur1@remote03:~/git-repos/i220a/work/lab9/files$ ls
hello  hello.c	hello.objdump  hello.s	Makefile  mystery.o
thur1@remote03:~/git-repos/i220a/work/lab9/files$ emacs hello.objdump
[?1049h[22;0;0t[?12;25h[?1h=[H[2J[35d[K[?1l>[?12l[?25h[?1049l[23;0;0t[39;49m[?1049h[22;0;0t[?12;25h[?1h=[H[2J[34d[?25l[7m-UUU:----F1  [0m[39;49m[27m[7m[1m*scratch*   [0m[39;49m[27m[7m   All L1     (Fundamental) -----------------------------------------------[0m[39;49m[27m
[A[2d[?12l[?25h[?12;25h[35d[?25lLoading /etc/emacs/site-start.d/00debian.el (source)...done[K[H
[?12l[?25h[?12;25h[35;33H[?25l50a2ps.el (source)...[K[H
[?12l[?25h[?12;25h[35;54H[?25ldone[H
[?12l[?25h[?12;25h[35;36H[?25lsymptote.el (source)...[H
[?12l[?25h[?12;25h[35;59H[?25ldone[H
[?12l[?25h[?12;25h[35;36H[?25lutoconf.el (source)...[K[H
[?12l[?25h[?12;25h[35;58H[?25ldone[H
[?12l[?25h[?12;25h[35;35H[?25lcmake-data.el (source)...[K[H
[?12l[?25h[?12;25h[35;60H[?25ldone[H
[?12l[?25h[?12;25h[35;35H[?25ldictionaries-common.el (source)...[H
[?12l[?25h[?12;25h[35;9H[?25ldebian-ispell...[K[H
[?12l[?25h[?12;25h[35;9H[?25l/var/cache/dictionaries-common/emacsen-ispell-default.el (source)...[H
[?12l[?25h[?12;25h[35;77H[?25ldone[H
[?12l[?25h[?12;25h[35;9H[?25ldebian-ispell...done[K[H
[?12l[?25h[?12;25h[35;9H[?25l/var/cache/dictionaries-common/emacsen-ispell-dicts.el (source)...[H
[?12l[?25h[?12;25h[35;75H[?25ldone[H
[?12l[?25h[?12;25h[35;10H[?25letc/emacs/site-start.d/50dictionaries-common[6P[H
[?12l[?25h[?12;25h[35;35H[?25lerlang-mode.el (source)...[K[H
[?12l[?25h[?12;25h[35;61H[?25ldone[H
[?12l[?25h[?12;25h[35;35H[?25lhaskell-mode.el (source)...[K[H
[?12l[?25h[?12;25h[35;10H[?25lusr/share/emacs/site-lisp/elpa/haskel[34@l-mode-16.1/haskell-mode-autoloads[H
[?12l[?25h[?12;25h[35;96H[?25ldone[H
[?12l[?25h[?12;25h[35;10H[?25letc/emacs/site-start.d/50haskell-mode[34P[H
[?12l[?25h[?12;25h[35;35H[?25llatex-cjk-common.el (source)...[H
[?12l[?25h[?12;25h[35;10H[?25lusr/share/emacs/site-lisp/latex-cjk-commo[9@n/cjk-enc[H
[?12l[?25h[?12;25h[35;75H[?25ldone[H
[?12l[?25h[?12;25h[35;10H[?25letc/emacs/site-start.d/50latex-cjk-common[9P[H
[?12l[?25h[?12;25h[35;45H[?25lthai.el (source)...[K[H
[?12l[?25h[?12;25h[35;64H[?25ldone[H
[?12l[?25h[?12;25h[35;35H[?25lpsvn.el (source)...[K[H
[?12l[?25h[?12;25h[35;54H[?25ldone[H
[?12l[?25h[?12;25h[35;36H[?25lython-docutils.el (source)...[H
[?12l[?25h[?12;25h[35;65H[?25ldone[H
[?12l[?25h[?12;25h[35;35H[?25ltcsh.el (source)...[K[H
[?12l[?25h[?12;25h[35;54H[?25ldone[H
[?12l[?25h[?12;25h[35;36H[?25lexlive-lang-english.el (source)...[H
[?12l[?25h[?12;25h[35;70H[?25ldone[H
[?12l[?25h[?12;25h[>0c[35d[?25lLoading /etc/emacs/site-start.d/50texlive-lang-english.el (source)...done[K[H[7mFile Edit Options Buffers Tools Lisp-Interaction Help                                               [0m[39;49m[27m
[A
[K
[K
[K
[K
[K
[K
[K
[K
[K
[K
[K
[K
[K
[K
[K
[K
[K
[K
[K
[K
[K
[K
[K
[K
[K
[K
[K
[K
[K
[K
[K
[K
[7m-UUU:----F1  [0m[39;49m[27m[7m[1m*scratch*   [0m[39;49m[27m[7m   All L1     (Lisp Interaction ElDoc) ------------------------------------[0m[39;49m[27m
[A[2d[?12l[?25h[?12;25h[?2004h[35d[?25lFor information about GNU Emacs and the GNU system, type C-h C-a.[K[H
[?12l[?25h[?12;25h[35d[K[H[?25l[7mFile Edit Options Buffers Tools Help                                                                [0m[39;49m[27m
[A
[K
hello:     file format elf64-x86-64[K
hello[K
architecture: i386:x86-64, flags 0x00000150:[K
HAS_SYMS, DYNAMIC, D_PAGED[K
start address 0x0000000000001060[K
[K
Program Header:[K
    PHDR off    0x0000000000000040 vaddr 0x0000000000000040 paddr 0x0000000000000040 align 2**3[K
         filesz 0x0000000000000268 memsz 0x0000000000000268 flags r--[K
  INTERP off    0x00000000000002a8 vaddr 0x00000000000002a8 paddr 0x00000000000002a8 align 2**0[K
         filesz 0x000000000000001c memsz 0x000000000000001c flags r--[K
    LOAD off    0x0000000000000000 vaddr 0x0000000000000000 paddr 0x0000000000000000 align 2**12[K
         filesz 0x0000000000000618 memsz 0x0000000000000618 flags r--[K
    LOAD off    0x0000000000001000 vaddr 0x0000000000001000 paddr 0x0000000000001000 align 2**12[K
         filesz 0x000000000000026d memsz 0x000000000000026d flags r-x[K
    LOAD off    0x0000000000002000 vaddr 0x0000000000002000 paddr 0x0000000000002000 align 2**12[K
         filesz 0x0000000000000190 memsz 0x0000000000000190 flags r--[K
    LOAD off    0x0000000000002de8 vaddr 0x0000000000003de8 paddr 0x0000000000003de8 align 2**12[K
         filesz 0x0000000000000250 memsz 0x0000000000000288 flags rw-[K
 DYNAMIC off    0x0000000000002df8 vaddr 0x0000000000003df8 paddr 0x0000000000003df8 align 2**3[K
         filesz 0x00000000000001e0 memsz 0x00000000000001e0 flags rw-[K
    NOTE off    0x00000000000002c4 vaddr 0x00000000000002c4 paddr 0x00000000000002c4 align 2**2[K
         filesz 0x0000000000000044 memsz 0x0000000000000044 flags r--[K
EH_FRAME off    0x0000000000002024 vaddr 0x0000000000002024 paddr 0x0000000000002024 align 2**2[K
         filesz 0x0000000000000044 memsz 0x0000000000000044 flags r--[K
   STACK off    0x0000000000000000 vaddr 0x0000000000000000 paddr 0x0000000000000000 align 2**4[K
         filesz 0x0000000000000000 memsz 0x0000000000000000 flags rw-[K
   RELRO off    0x0000000000002de8 vaddr 0x0000000000003de8 paddr 0x0000000000003de8 align 2**0[K
         filesz 0x0000000000000218 memsz 0x0000000000000218 flags r--[K
[K
Dynamic Section:[K
[7m-UU-:----F1  [0m[39;49m[27m[7m[1mhello.objdump[0m[39;49m[27m[7m   Top L2     (Fundamental) ----------------------------------------------[0m[39;49m[27m
[A[3d[?12l[?25h[?12;25h[34;35H[?25l[7m3[0m[39;49m[27m[4;1H[?12l[?25h[?12;25h[34;35H[?25l[7m4[0m[39;49m[27m[5;1H[?12l[?25h[?12;25h[34;35H[?25l[7m5[0m[39;49m[27m[6;1H[?12l[?25h[?12;25h[34;35H[?25l[7m6[0m[39;49m[27m[7;1H[?12l[?25h[?12;25h[34;35H[?25l[7m7[0m[39;49m[27m[8;1H[?12l[?25h[?12;25h[34;35H[?25l[7m8[0m[39;49m[27m[9;1H[?12l[?25h[?12;25h[34;35H[?25l[7m9[0m[39;49m[27m[10;1H[?12l[?25h[?12;25h[34;35H[?25l[7m10[0m[39;49m[27m[11;1H[?12l[?25h[?12;25h[34;36H[?25l[7m1[0m[39;49m[27m[12;1H[?12l[?25h[?12;25h[34;36H[?25l[7m2[0m[39;49m[27m[13;1H[?12l[?25h[?12;25h[34;36H[?25l[7m3[0m[39;49m[27m[14;1H[?12l[?25h[?12;25h[34;36H[?25l[7m4[0m[39;49m[27m[15;1H[?12l[?25h[?12;25h[34;36H[?25l[7m5[0m[39;49m[27m[16;1H[?12l[?25h[?12;25h[34;36H[?25l[7m6[0m[39;49m[27m[17;1H[?12l[?25h[?12;25h[34;36H[?25l[7m7[0m[39;49m[27m[18;1H[?12l[?25h[?12;25h[34;36H[?25l[7m8[0m[39;49m[27m[19;1H[?12l[?25h[?12;25h[34;36H[?25l[7m9[0m[39;49m[27m[20;1H[?12l[?25h[?12;25h[34;35H[?25l[7m20[0m[39;49m[27m[21;1H[?12l[?25h[?12;25h[34;36H[?25l[7m1[0m[39;49m[27m[22;1H[?12l[?25h[?12;25h[34;36H[?25l[7m2[0m[39;49m[27m[23;1H[?12l[?25h[?12;25h[34;36H[?25l[7m3[0m[39;49m[27m[24;1H[?12l[?25h[?12;25h[34;36H[?25l[7m4[0m[39;49m[27m[25;1H[?12l[?25h[?12;25h[34;36H[?25l[7m5[0m[39;49m[27m[26;1H[?12l[?25h[?12;25h[34;36H[?25l[7m6[0m[39;49m[27m[27;1H[?12l[?25h[?12;25h[34;36H[?25l[7m7[0m[39;49m[27m[28;1H[?12l[?25h[?12;25h[34;36H[?25l[7m8[0m[39;49m[27m[29;1H[?12l[?25h[?12;25h[34;36H[?25l[7m9[0m[39;49m[27m[30;1H[?12l[?25h[?12;25h[34;35H[?25l[7m30[0m[39;49m[27m[31;1H[?12l[?25h[?12;25h[34;36H[?25l[7m1[0m[39;49m[27m[32;1H[?12l[?25h[?12;25h[34;36H[?25l[7m2[0m[39;49m[27m[A[?12l[?25h[?12;25h[1;33r[2;1H[16M[1;35r[18;1H[?25l  NEEDED               libc.so.6[K
  INIT                 0x0000000000001000[K
  FINI                 0x0000000000001264[K
  INIT_ARRAY           0x0000000000003de8[K
  INIT_ARRAYSZ         0x0000000000000008[K
  FINI_ARRAY           0x0000000000003df0[K
  FINI_ARRAYSZ         0x0000000000000008[K
  GNU_HASH             0x0000000000000308[K
  STRTAB               0x0000000000000428[K
  SYMTAB               0x0000000000000338[K
  STRSZ                0x0000000000000098[K
  SYMENT               0x0000000000000018[K
  DEBUG                0x0000000000000000[K
  PLTGOT               0x0000000000004000[K
  PLTRELSZ             0x0000000000000030[K
  PLTREL               0x0000000000000007[K[34;30H[7m 3% L33[0m[39;49m[27m[18;1H[?12l[?25h[?12;25h[34;36H[?25l[7m4[0m[39;49m[27m[19;1H[?12l[?25h[?12;25h[34;36H[?25l[7m5[0m[39;49m[27m[20;1H[?12l[?25h[?12;25h[34;36H[?25l[7m6[0m[39;49m[27m[21;1H[?12l[?25h[?12;25h[34;36H[?25l[7m7[0m[39;49m[27m[22;1H[?12l[?25h[?12;25h[34;36H[?25l[7m8[0m[39;49m[27m[23;1H[?12l[?25h[?12;25h[34;36H[?25l[7m9[0m[39;49m[27m[24;1H[?12l[?25h[?12;25h[34;35H[?25l[7m41[0m[39;49m[27m[26;1H[?12l[?25h[?12;25h[34;36H[?25l[7m2[0m[39;49m[27m[27;1H[?12l[?25h[?12;25h[34;36H[?25l[7m3[0m[39;49m[27m[28;1H[?12l[?25h[?12;25h[34;36H[?25l[7m4[0m[39;49m[27m[29;1H[?12l[?25h[?12;25h[34;36H[?25l[7m5[0m[39;49m[27m[30;1H[?12l[?25h[?12;25h[34;36H[?25l[7m6[0m[39;49m[27m[31;1H[?12l[?25h[?12;25h[34;36H[?25l[7m7[0m[39;49m[27m[32;1H[?12l[?25h[?12;25h[34;36H[?25l[7m8[0m[39;49m[27m[A[?12l[?25h[?12;25h[1;33r[2;1H[16M[1;35r[18;1H[?25l  JMPREL               0x00000000000005e8[K
  RELA                 0x00000000000004f8[K
  RELASZ               0x00000000000000f0[K
  RELAENT              0x0000000000000018[K
  FLAGS_1              0x0000000008000000[K
  VERNEED              0x00000000000004d8[K
  VERNEEDNUM           0x0000000000000001[K
  VERSYM               0x00000000000004c0[K
  RELACOUNT            0x0000000000000003[K
[K
Version References:[K
  required from libc.so.6:[K
    0x09691a75 0x00 02 GLIBC_2.2.5[K
[K
Sections:[K
Idx Name          Size      VMA               LMA               File off  Algn[K[34;31H[7m5% L49[0m[39;49m[27m[18;1H[?12l[?25h[?12;25h[34;35H[?25l[7m50[0m[39;49m[27m[19;1H[?12l[?25h[?12;25h[34;36H[?25l[7m2[0m[39;49m[27m[21;1H[?12l[?25h[?12;25h[34;36H[?25l[7m3[0m[39;49m[27m[22;1H[?12l[?25h[?12;25h[34;36H[?25l[7m4[0m[39;49m[27m[23;1H[?12l[?25h[?12;25h[34;36H[?25l[7m5[0m[39;49m[27m[24;1H[?12l[?25h[?12;25h[34;36H[?25l[7m6[0m[39;49m[27m[25;1H[?12l[?25h[?12;25h[34;36H[?25l[7m7[0m[39;49m[27m[26;1H[?12l[?25h[?12;25h[34;36H[?25l[7m8[0m[39;49m[27m[27;1H[?12l[?25h[?12;25h[35d[K[?2004l[?1l>[?12l[?25h[?1049l[23;0;0t[39;49mthur1@remote03:~/git-repos/i220a/work/lab9/files$ g[Kobjdump -d hello }[K| grep -A$) [K[K[K40 main.:
0000000000001174 <main>:
    1174:	55                   	push   %rbp
    1175:	48 89 e5             	mov    %rsp,%rbp
    1178:	48 83 ec 20          	sub    $0x20,%rsp
    117c:	89 7d ec             	mov    %edi,-0x14(%rbp)
    117f:	48 89 75 e0          	mov    %rsi,-0x20(%rbp)
    1183:	83 7d ec 01          	cmpl   $0x1,-0x14(%rbp)
    1187:	75 2c                	jne    11b5 <main+0x41>
    1189:	48 8b 45 e0          	mov    -0x20(%rbp),%rax
    118d:	48 8b 10             	mov    (%rax),%rdx
    1190:	48 8b 05 c9 2e 00 00 	mov    0x2ec9(%rip),%rax        # 4060 <stderr@@GLIBC_2.2.5>
    1197:	48 8d 35 70 0e 00 00 	lea    0xe70(%rip),%rsi        # 200e <_IO_stdin_used+0xe>
    119e:	48 89 c7             	mov    %rax,%rdi
    11a1:	b8 00 00 00 00       	mov    $0x0,%eax
    11a6:	e8 85 fe ff ff       	callq  1030 <fprintf@plt>
    11ab:	bf ef be ad de       	mov    $0xdeadbeef,%edi
    11b0:	e8 8b fe ff ff       	callq  1040 <exit@plt>
    11b5:	c7 45 fc 01 00 00 00 	movl   $0x1,-0x4(%rbp)
    11bc:	eb 2d                	jmp    11eb <main+0x77>
    11be:	8b 45 fc             	mov    -0x4(%rbp),%eax
    11c1:	48 98                	cltq   
    11c3:	48 8d 14 c5 00 00 00 	lea    0x0(,%rax,8),%rdx
    11ca:	00 
    11cb:	48 8b 45 e0          	mov    -0x20(%rbp),%rax
    11cf:	48 01 d0             	add    %rdx,%rax
    11d2:	48 8b 10             	mov    (%rax),%rdx
    11d5:	48 8b 05 64 2e 00 00 	mov    0x2e64(%rip),%rax        # 4040 <stdout@@GLIBC_2.2.5>
    11dc:	48 89 d6             	mov    %rdx,%rsi
    11df:	48 89 c7             	mov    %rax,%rdi
    11e2:	e8 5e ff ff ff       	callq  1145 <hello>
    11e7:	83 45 fc 01          	addl   $0x1,-0x4(%rbp)
    11eb:	8b 45 fc             	mov    -0x4(%rbp),%eax
    11ee:	3b 45 ec             	cmp    -0x14(%rbp),%eax
    11f1:	7c cb                	jl     11be <main+0x4a>
    11f3:	b8 00 00 00 00       	mov    $0x0,%eax
    11f8:	c9                   	leaveq 
    11f9:	c3                   	retq   
    11fa:	66 0f 1f 44 00 00    	nopw   0x0(%rax,%rax,1)

0000000000001200 <__libc_csu_init>:
    1200:	41 57                	push   %r15
thur1@remote03:~/git-repos/i220a/work/lab9/files$ lls [K[K[Ks -l hello
-rwxr-x--- 1 thur1 thur1 19384 Oct 20 15:49 hello
thur1@remote03:~/git-repos/i220a/work/lab9/files$ strip hello
thur1@remote03:~/git-repos/i220a/work/lab9/files$ ls
hello  hello.c	hello.objdump  hello.s	Makefile  mystery.o
thur1@remote03:~/git-repos/i220a/work/lab9/files$ emacs[K[K[K[K[Ksize hello
   text	   data	    bss	    dec	    hex	filename
   1874	    592	     48	   2514	    9d2	hello
thur1@remote03:~/git-repos/i220a/work/lab9/files$ make clean
rm -f hello hello.s *.objdump *~
thur1@remote03:~/git-repos/i220a/work/lab9/files$ cd ..
thur1@remote03:~/git-repos/i220a/work/lab9$ s
bash: s: command not found
thur1@remote03:~/git-repos/i220a/work/lab9$ ls
files  lab9.html  lab9.log  lab9.pdf  lab9.umt	Makefile
thur1@remote03:~/git-repos/i220a/work/lab9$ cd files
thur1@remote03:~/git-repos/i220a/work/lab9/files$ ls
hello.c  Makefile  mystery.o
thur1@remote03:~/git-repos/i220a/work/lab9/files$ cd me[K[K[K[K[Kobjdumo[Kp -d hello > hello.objdump
objdump: 'hello': No such file
thur1@remote03:~/git-repos/i220a/work/lab9/files$ objdump[K[K[K[K[K[K[Kg++ -c mystero[Ky.o
[01m[Kg++:[m[K [01;35m[Kwarning: [m[Kmystery.o: linker input file unused because linking not done
thur1@remote03:~/git-repos/i220a/work/lab9/files$ objdump -d myster.o > myse[Ktery.objdump
objdump: 'myster.o': No such file
thur1@remote03:~/git-repos/i220a/work/lab9/files$ objdump -d myster.o > mystery.objdump[C[1@y
thur1@remote03:~/git-repos/i220a/work/lab9/files$ ls
hello.c  hello.objdump	Makefile  mystery.o  mystery.objdump
thur1@remote03:~/git-repos/i220a/work/lab9/files$ emacs myster.objdu[K[K[K[K[K[K[K[Kery.obdj[K[Kju[Kdump
[?1049h[22;0;0t[?12;25h[?1h=[H[2J[35d[K[?1l>[?12l[?25h[?1049l[23;0;0t[39;49m[?1049h[22;0;0t[?12;25h[?1h=[H[2J[34d[?25l[7m-UUU:----F1  [0m[39;49m[27m[7m[1m*scratch*   [0m[39;49m[27m[7m   All L1     (Fundamental) -----------------------------------------------[0m[39;49m[27m
[A[2d[?12l[?25h[?12;25h[35d[?25lLoading /etc/emacs/site-start.d/00debian.el (source)...done[K[H
[?12l[?25h[?12;25h[35;33H[?25l50a2ps.el (source)...[K[H
[?12l[?25h[?12;25h[35;54H[?25ldone[H
[?12l[?25h[?12;25h[35;36H[?25lsymptote.el (source)...[H
[?12l[?25h[?12;25h[35;59H[?25ldone[H
[?12l[?25h[?12;25h[35;36H[?25lutoconf.el (source)...[K[H
[?12l[?25h[?12;25h[35;58H[?25ldone[H
[?12l[?25h[?12;25h[35;35H[?25lcmake-data.el (source)...[K[H
[?12l[?25h[?12;25h[35;60H[?25ldone[H
[?12l[?25h[?12;25h[35;35H[?25ldictionaries-common.el (source)...[H
[?12l[?25h[?12;25h[35;9H[?25ldebian-ispell...[K[H
[?12l[?25h[?12;25h[35;9H[?25l/var/cache/dictionaries-common/emacsen-ispell-default.el (source)...[H
[?12l[?25h[?12;25h[35;77H[?25ldone[H
[?12l[?25h[?12;25h[35;9H[?25ldebian-ispell...done[K[H
[?12l[?25h[?12;25h[35;9H[?25l/var/cache/dictionaries-common/emacsen-ispell-dicts.el (source)...[H
[?12l[?25h[?12;25h[35;75H[?25ldone[H
[?12l[?25h[?12;25h[35;10H[?25letc/emacs/site-start.d/50dictionaries-common[6P[H
[?12l[?25h[?12;25h[35;35H[?25lerlang-mode.el (source)...[K[H
[?12l[?25h[?12;25h[35;61H[?25ldone[H
[?12l[?25h[?12;25h[35;35H[?25lhaskell-mode.el (source)...[K[H
[?12l[?25h[?12;25h[35;10H[?25lusr/share/emacs/site-lisp/elpa/haskel[34@l-mode-16.1/haskell-mode-autoloads[H
[?12l[?25h[?12;25h[35;96H[?25ldone[H
[?12l[?25h[?12;25h[35;10H[?25letc/emacs/site-start.d/50haskell-mode[34P[H
[?12l[?25h[?12;25h[35;35H[?25llatex-cjk-common.el (source)...[H
[?12l[?25h[?12;25h[35;10H[?25lusr/share/emacs/site-lisp/latex-cjk-commo[9@n/cjk-enc[H
[?12l[?25h[?12;25h[35;75H[?25ldone[H
[?12l[?25h[?12;25h[35;10H[?25letc/emacs/site-start.d/50latex-cjk-common[9P[H
[?12l[?25h[?12;25h[35;45H[?25lthai.el (source)...[K[H
[?12l[?25h[?12;25h[35;64H[?25ldone[H
[?12l[?25h[?12;25h[35;35H[?25lpsvn.el (source)...[K[H
[?12l[?25h[?12;25h[35;54H[?25ldone[H
[?12l[?25h[?12;25h[35;36H[?25lython-docutils.el (source)...[H
[?12l[?25h[?12;25h[35;65H[?25ldone[H
[?12l[?25h[?12;25h[35;35H[?25ltcsh.el (source)...[K[H
[?12l[?25h[?12;25h[35;54H[?25ldone[H
[?12l[?25h[?12;25h[35;36H[?25lexlive-lang-english.el (source)...[H
[?12l[?25h[?12;25h[35;70H[?25ldone[H
[?12l[?25h[?12;25h[>0c[35d[?25lLoading /etc/emacs/site-start.d/50texlive-lang-english.el (source)...done[K[H[7mFile Edit Options Buffers Tools Lisp-Interaction Help                                               [0m[39;49m[27m
[A
[K
[K
[K
[K
[K
[K
[K
[K
[K
[K
[K
[K
[K
[K
[K
[K
[K
[K
[K
[K
[K
[K
[K
[K
[K
[K
[K
[K
[K
[K
[K
[K
[7m-UUU:----F1  [0m[39;49m[27m[7m[1m*scratch*   [0m[39;49m[27m[7m   All L1     (Lisp Interaction ElDoc) ------------------------------------[0m[39;49m[27m
[A[2d[?12l[?25h[?12;25h[?2004h[35d[?25lFor information about GNU Emacs and the GNU system, type C-h C-a.[K[H
[?12l[?25h[?12;25h[35d[K[H[?25l[7mFile Edit Options Buffers Tools Help                                                                [0m[39;49m[27m
[A
[K
mystery.o:     file format elf64-x86-64[K
[K
[K
Disassembly of section .text:[K
[K
0000000000000000 <mystery>:[K
   0:   55                      push   %rbp[K
   1:   48 89 e5                mov    %rsp,%rbp[K
   4:   89 7d fc                mov    %edi,-0x4(%rbp)[K
   7:   8b 45 fc                mov    -0x4(%rbp),%eax[K
   a:   25 ff ff 7f 00          and    $0x7fffff,%eax[K
   f:   c9                      leaveq[K
  10:   c3                      retq[K
[K
[K
[K
[K
[K
[K
[K
[K
[K
[K
[K
[K
[K
[K
[K
[K
[K
[K
[7m-UU-:----F1  [0m[39;49m[27m[7m[1mmystery.objdump[0m[39;49m[27m[7m   All L2     (Fundamental) --------------------------------------------[0m[39;49m[27m
[A[3d[?12l[?25h[?12;25h[34;37H[?25l[7m3[0m[39;49m[27m[4;1H[?12l[?25h[?12;25h[34;37H[?25l[7m4[0m[39;49m[27m[5;1H[?12l[?25h[?12;25h[34;37H[?25l[7m5[0m[39;49m[27m[6;1H[?12l[?25h[?12;25h[34;37H[?25l[7m6[0m[39;49m[27m[7;1H[?12l[?25h[?12;25h[34;37H[?25l[7m7[0m[39;49m[27m[8;1H[?12l[?25h[?12;25h[34;37H[?25l[7m8[0m[39;49m[27m[9;1H[?12l[?25h[?12;25h[34;37H[?25l[7m9[0m[39;49m[27m[10;1H[?12l[?25h[?12;25h[34;37H[?25l[7m10[0m[39;49m[27m[11;1H[?12l[?25h[?12;25h[34;38H[?25l[7m1[0m[39;49m[27m[12;1H[?12l[?25h[?12;25h[34;38H[?25l[7m2[0m[39;49m[27m[13;1H[?12l[?25h[?12;25h[34;38H[?25l[7m3[0m[39;49m[27m[14;1H[?12l[?25h[?12;25h[34;38H[?25l[7m4[0m[39;49m[27m[15;1H[?12l[?25h[?12;25h[34;38H[?25l[7m5[0m[39;49m[27m[16;1H[?12l[?25h[?12;25h[35d[?25lEnd of buffer[16;1H[?12l[?25h[?12;25h[35d[K[34;38H[?25l[7m4[0m[39;49m[27m[15;1H[?12l[?25h[?12;25h[34;38H[?25l[7m3[0m[39;49m[27m[14;1H[?12l[?25h[?12;25h[34;38H[?25l[7m2[0m[39;49m[27m[13;1H[?12l[?25h[?12;25h[34;38H[?25l[7m1[0m[39;49m[27m[12;1H[?12l[?25h[?12;25h[34;38H[?25l[7m0[0m[39;49m[27m[11;1H[?12l[?25h[?12;25h[34;37H[?25l[7m9 [0m[39;49m[27m[10;1H[?12l[?25h[?12;25h[34;37H[?25l[7m8[0m[39;49m[27m[9;1H[?12l[?25h[?12;25h[C[C[34;37H[?25l[7m9[0m[39;49m[27m[10;3H[?12l[?25h[?12;25h[34;37H[?25l[7m10[0m[39;49m[27m[11;3H[?12l[?25h[?12;25h[34;38H[?25l[7m1[0m[39;49m[27m[12;3H[?12l[?25h[?12;25h[34;38H[?25l[7m2[0m[39;49m[27m[13;3H[?12l[?25h[?12;25h[C[35;1H[K[?2004l[?1l>[?12l[?25h[?1049l[23;0;0t[39;49mthur1@remote03:~/git-repos/i220a/work/lab9/files$ cd ..
thur1@remote03:~/git-repos/i220a/work/lab9$ e[Ktouch lab9_output.txt
thur1@remote03:~/git-repos/i220a/work/lab9$ emacs lab9O[K_output.p[Ktxt
[?1049h[22;0;0t[?12;25h[?1h=[H[2J[35d[K[?1l>[?12l[?25h[?1049l[23;0;0t[39;49m[?1049h[22;0;0t[?12;25h[?1h=[H[2J[34d[?25l[7m-UUU:----F1  [0m[39;49m[27m[7m[1m*scratch*   [0m[39;49m[27m[7m   All L1     (Fundamental) -----------------------------------------------[0m[39;49m[27m
[A[2d[?12l[?25h[?12;25h[35d[?25lLoading /etc/emacs/site-start.d/00debian.el (source)...done[K[H
[?12l[?25h[?12;25h[35;33H[?25l50a2ps.el (source)...[K[H
[?12l[?25h[?12;25h[35;54H[?25ldone[H
[?12l[?25h[?12;25h[35;36H[?25lsymptote.el (source)...[H
[?12l[?25h[?12;25h[35;59H[?25ldone[H
[?12l[?25h[?12;25h[35;36H[?25lutoconf.el (source)...[K[H
[?12l[?25h[?12;25h[35;58H[?25ldone[H
[?12l[?25h[?12;25h[35;35H[?25lcmake-data.el (source)...[K[H
[?12l[?25h[?12;25h[35;60H[?25ldone[H
[?12l[?25h[?12;25h[35;35H[?25ldictionaries-common.el (source)...[H
[?12l[?25h[?12;25h[35;9H[?25ldebian-ispell...[K[H
[?12l[?25h[?12;25h[35;9H[?25l/var/cache/dictionaries-common/emacsen-ispell-default.el (source)...[H
[?12l[?25h[?12;25h[35;77H[?25ldone[H
[?12l[?25h[?12;25h[35;9H[?25ldebian-ispell...done[K[H
[?12l[?25h[?12;25h[35;9H[?25l/var/cache/dictionaries-common/emacsen-ispell-dicts.el (source)...[H
[?12l[?25h[?12;25h[35;75H[?25ldone[H
[?12l[?25h[?12;25h[35;10H[?25letc/emacs/site-start.d/50dictionaries-common[6P[H
[?12l[?25h[?12;25h[35;35H[?25lerlang-mode.el (source)...[K[H
[?12l[?25h[?12;25h[35;61H[?25ldone[H
[?12l[?25h[?12;25h[35;35H[?25lhaskell-mode.el (source)...[K[H
[?12l[?25h[?12;25h[35;10H[?25lusr/share/emacs/site-lisp/elpa/haskel[34@l-mode-16.1/haskell-mode-autoloads[H
[?12l[?25h[?12;25h[35;96H[?25ldone[H
[?12l[?25h[?12;25h[35;10H[?25letc/emacs/site-start.d/50haskell-mode[34P[H
[?12l[?25h[?12;25h[35;35H[?25llatex-cjk-common.el (source)...[H
[?12l[?25h[?12;25h[35;10H[?25lusr/share/emacs/site-lisp/latex-cjk-commo[9@n/cjk-enc[H
[?12l[?25h[?12;25h[35;75H[?25ldone[H
[?12l[?25h[?12;25h[35;10H[?25letc/emacs/site-start.d/50latex-cjk-common[9P[H
[?12l[?25h[?12;25h[35;45H[?25lthai.el (source)...[K[H
[?12l[?25h[?12;25h[35;64H[?25ldone[H
[?12l[?25h[?12;25h[35;35H[?25lpsvn.el (source)...[K[H
[?12l[?25h[?12;25h[35;54H[?25ldone[H
[?12l[?25h[?12;25h[35;36H[?25lython-docutils.el (source)...[H
[?12l[?25h[?12;25h[35;65H[?25ldone[H
[?12l[?25h[?12;25h[35;35H[?25ltcsh.el (source)...[K[H
[?12l[?25h[?12;25h[35;54H[?25ldone[H
[?12l[?25h[?12;25h[35;36H[?25lexlive-lang-english.el (source)...[H
[?12l[?25h[?12;25h[35;70H[?25ldone[H
[?12l[?25h[?12;25h[>0c[35d[?25lLoading /etc/emacs/site-start.d/50texlive-lang-english.el (source)...done[K[H[7mFile Edit Options Buffers Tools Lisp-Interaction Help                                               [0m[39;49m[27m
[A
[K
[K
[K
[K
[K
[K
[K
[K
[K
[K
[K
[K
[K
[K
[K
[K
[K
[K
[K
[K
[K
[K
[K
[K
[K
[K
[K
[K
[K
[K
[K
[K
[7m-UUU:----F1  [0m[39;49m[27m[7m[1m*scratch*   [0m[39;49m[27m[7m   All L1     (Lisp Interaction ElDoc) ------------------------------------[0m[39;49m[27m
[A[2d[?12l[?25h[?12;25h[?2004h[35d[?25lFor information about GNU Emacs and the GNU system, type C-h C-a.[K[H
[?12l[?25h[?12;25h[35d[?25lFor information about GNU Emacs and the GNU system, type C-h C-a.[K[H[7mFile Edit Options Buffers Tools Text Help                                                           [0m[39;49m[27m
[A
[K
[K
[K
[K
[K
[K
[K
[K
[K
[K
[K
[K
[K
[K
[K
[K
[K
[K
[K
[K
[K
[K
[K
[K
[K
[K
[K
[K
[K
[K
[K
[K
[7m-UUU:----F1  [0m[39;49m[27m[7m[1mlab9_output.txt[0m[39;49m[27m[7m   All L1     (Text) ---------------------------------------------------[0m[39;49m[27m
[A[2d[?12l[?25h[?12;25h[35d[K[2d[?25l3[34;6H[7m**[0m[39;49m[27m[2;2H[?12l[?25h[?12;25h[K[?25le[?12l[?25h[?12;25h[?25lx[?12l[?25h[?12;25h[C[?25l2[?12l[?25h[?12;25h[35;1H[?25lNo matching parenthesis found[2;4H[?12l[?25h[?12;25h[?25l)[?12l[?25h[?12;25h[35;1H[K[2;6H[?25l$0x7fffff[?12l[?25h[?12;25h	[?25lw[?12l[?25h[?12;25h[?25la[?12l[?25h[?12;25h[?25ls[?12l[?25h[?12;25h[C[?25lt[?12l[?25h[?12;25h[?25lh[?12l[?25h[?12;25h[?25le[?12l[?25h[?12;25h	[?25lm[?12l[?25h[?12;25h[?25la[?12l[?25h[?12;25h[?25ls[?12l[?25h[?12;25h[?25lk[?12l[?25h[?12;25h[?25l,[?12l[?25h[?12;25h[C[?25lw[?12l[?25h[?12;25h[?25lh[?12l[?25h[?12;25h[?25li[?12l[?25h[?12;25h[?25lc[?12l[?25h[?12;25h[?25lh[?12l[?25h[?12;25h[C[?25lw[?12l[?25h[?12;25h[?25la[?12l[?25h[?12;25h[?25ls[?12l[?25h[?12;25h	[?25lp[?12l[?25h[?12;25h[?25lr[?12l[?25h[?12;25h[?25lo[?12l[?25h[?12;25h[?25ld[?12l[?25h[?12;25h[?25lu[?12l[?25h[?12;25h[?25lc[?12l[?25h[?12;25h[?25le[?12l[?25h[?12;25h[?25ld[?12l[?25h[?12;25h[K[K[K[K[K[K[K[K	[?25li[?12l[?25h[?12;25h[?25ln[?12l[?25h[?12;25h[C[?25lt[?12l[?25h[?12;25h[?25lh[?12l[?25h[?12;25h[?25le[?12l[?25h[?12;25h[C[?25lA[?12l[?25h[?12;25h[?25lN[?12l[?25h[?12;25h[?25lD[?12l[?25h[?12;25h[C[?25lc[?12l[?25h[?12;25h[?25lo[?12l[?25h[?12;25h[?25lm[?12l[?25h[?12;25h[?25lm[?12l[?25h[?12;25h[?25la[?12l[?25h[?12;25h[?25ln[?12l[?25h[?12;25h[?25ld[?12l[?25h[?12;25h[C[?25lw[?12l[?25h[?12;25h[?25li[?12l[?25h[?12;25h[?25lt[?12l[?25h[?12;25h[?25lh[?12l[?25h[?12;25h[?25li[?12l[?25h[?12;25h[?25ln[?12l[?25h[?12;25h[C[?25lo[?12l[?25h[?12;25h[?25lb[?12l[?25h[?12;25h[?25ld[?12l[?25h[?12;25h[K[?25lj[?12l[?25h[?12;25h[?25ld[?12l[?25h[?12;25h[?25lu[?12l[?25h[?12;25h[?25lm[?12l[?25h[?12;25h[?25lp[?12l[?25h[?12;25h[C[?25l-[?12l[?25h[?12;25h[?25ld[?12l[?25h[?12;25h[C[?25lh[?12l[?25h[?12;25h[K[C[?25lm[?12l[?25h[?12;25h[?25ly[?12l[?25h[?12;25h[?25ls[?12l[?25h[?12;25h[?25lt[?12l[?25h[?12;25h[?25le[?12l[?25h[?12;25h[?25lr[?12l[?25h[?12;25h[?25ly[?12l[?25h[?12;25h[?25l.[?12l[?25h[?12;25h[?25lo[?12l[?25h[?12;25h[C[?25lm[?12l[?25h[?12;25h[?25ly[?12l[?25h[?12;25h[?25ls[?12l[?25h[?12;25h[?25lt[?12l[?25h[?12;25h[K[K[K[?25l>[?12l[?25h[?12;25h[K[K[C[?25l>[?12l[?25h[?12;25h[?25lm[?12l[?25h[?12;25h[?25ly[?12l[?25h[?12;25h[?25ls[?12l[?25h[?12;25h[?25lt[?12l[?25h[?12;25h[?25le[?12l[?25h[?12;25h[?25lr[?12l[?25h[?12;25h[?25ly[?12l[?25h[?12;25h[?25l.[?12l[?25h[?12;25h[?25lo[?12l[?25h[?12;25h[?25lb[?12l[?25h[?12;25h[?25lj[?12l[?25h[?12;25h[?25ld[?12l[?25h[?12;25h[?25l\
u[?12l[?25h[?12;25h[?25lm[?12l[?25h[?12;25h[?25lp[?12l[?25h[?12;25h[K[K[2;100H[K
[K[2;100H[K[K[?25lj[?12l[?25h[?12;25h[?25ld[?12l[?25h[?12;25h[?25l\
u[?12l[?25h[?12;25h[?25lm[?12l[?25h[?12;25h[?25lp[?12l[?25h[?12;25h[34;37H[?25l[7m2[0m[39;49m[27m[4;1H[?12l[?25h[?12;25h[34;37H[?25l[7m3[0m[39;49m[27m[5;1H[?12l[?25h[?12;25h[35d[?25lSaving file /home/thur1/git-repos/i220a/work/lab9/lab9_output.txt...[5;1H[?12l[?25h[?12;25h[35d[?25lWrote /home/thur1/git-repos/i220a/work/lab9/lab9_output.txt[K[5;1H[?12l[?25h[?12;25h[34;6H[?25l[7m--[0m[39;49m[27m[5;1H[?12l[?25h[?12;25h[35d[K[5d[35d[K[?2004l[?1l>[?12l[?25h[?1049l[23;0;0t[39;49mthur1@remote03:~/git-repos/i220a/work/lab9$ cd .[K[Kfi[K[K files
thur1@remote03:~/git-repos/i220a/work/lab9/files$ make clean
rm -f hello hello.s *.objdump *~
thur1@remote03:~/git-repos/i220a/work/lab9/files$ ls
hello.c  Makefile  mystery.o
thur1@remote03:~/git-repos/i220a/work/lab9/files$ make
cc -g -Wall  -std=c11    hello.c   -o hello
cc -g -Wall  -std=c11 -S hello.c
thur1@remote03:~/git-repos/i220a/work/lab9/files$ db[K[Kgdb hello
GNU gdb (Debian 8.2.1-2) 8.2.1
Copyright (C) 2018 Free Software Foundation, Inc.
License GPLv3+: GNU GPL version 3 or later <http://gnu.org/licenses/gpl.html>
This is free software: you are free to change and redistribute it.
There is NO WARRANTY, to the extent permitted by law.
Type "show copying" and "show warranty" for details.
This GDB was configured as "x86_64-linux-gnu".
Type "show configuration" for configuration details.
For bug reporting instructions, please see:
<http://www.gnu.org/software/gdb/bugs/>.
Find the GDB manual and other documentation resources online at:
    <http://www.gnu.org/software/gdb/documentation/>.

For help, type "help".
Type "apropos word" to search for commands related to "word"...
Reading symbols from hello...done.
(gdb) b main
Breakpoint 1 at 0x1183: file hello.c, line 16.
(gdb) r
Starting program: /import/linux/home1/thur1/git-repos/i220a/work/lab9/files/hello 

Breakpoint 1, main (argc=1, argv=0x7fffffffe888) at hello.c:16
16	  if (argc == 1) {
(gdb) dias[K[Ksas /m
Dump of assembler code for function main:
15	{
   0x0000555555555174 <+0>:	push   %rbp
   0x0000555555555175 <+1>:	mov    %rsp,%rbp
   0x0000555555555178 <+4>:	sub    $0x20,%rsp
   0x000055555555517c <+8>:	mov    %edi,-0x14(%rbp)
   0x000055555555517f <+11>:	mov    %rsi,-0x20(%rbp)

16	  if (argc == 1) {
=> 0x0000555555555183 <+15>:	cmpl   $0x1,-0x14(%rbp)
   0x0000555555555187 <+19>:	jne    0x5555555551b5 <main+65>

17	    fprintf(stderr, "usage: %s NAME...\n", argv[0]);
   0x0000555555555189 <+21>:	mov    -0x20(%rbp),%rax
   0x000055555555518d <+25>:	mov    (%rax),%rdx
   0x0000555555555190 <+28>:	mov    0x2ec9(%rip),%rax        # 0x555555558060 <stderr@@GLIBC_2.2.5>
   0x0000555555555197 <+35>:	lea    0xe70(%rip),%rsi        # 0x55555555600e
   0x000055555555519e <+42>:	mov    %rax,%rdi
   0x00005555555551a1 <+45>:	mov    $0x0,%eax
   0x00005555555551a6 <+50>:	callq  0x555555555030 <fprintf@plt>

18	    exit(0xdeadbeef);
   0x00005555555551ab <+55>:	mov    $0xdeadbeef,%edi
   0x00005555555551b0 <+60>:	callq  0x555555555040 <exit@plt>

19	  }
20	  for (int i = 1; i < argc; i++) {
   0x00005555555551b5 <+65>:	movl   $0x1,-0x4(%rbp)
   0x00005555555551bc <+72>:	jmp    0x5555555551eb <main+119>
   0x00005555555551e7 <+115>:	addl   $0x1,-0x4(%rbp)
   0x00005555555551eb <+119>:	mov    -0x4(%rbp),%eax
   0x00005555555551ee <+122>:	cmp    -0x14(%rbp),%eax
   0x00005555555551f1 <+125>:	jl     0x5555555551be <main+74>
--Type <RET> for more, q to quit, c to continue without paging--i reg

21	    hello(stdout, argv[i]);
   0x00005555555551be <+74>:	mov    -0x4(%rbp),%eax
   0x00005555555551c1 <+77>:	cltq   
   0x00005555555551c3 <+79>:	lea    0x0(,%rax,8),%rdx
   0x00005555555551cb <+87>:	mov    -0x20(%rbp),%rax
   0x00005555555551cf <+91>:	add    %rdx,%rax
   0x00005555555551d2 <+94>:	mov    (%rax),%rdx
   0x00005555555551d5 <+97>:	mov    0x2e64(%rip),%rax        # 0x555555558040 <stdout@@GLIBC_2.2.5>
   0x00005555555551dc <+104>:	mov    %rdx,%rsi
   0x00005555555551df <+107>:	mov    %rax,%rdi
   0x00005555555551e2 <+110>:	callq  0x555555555145 <hello>

22	  }
23	  return 0;
   0x00005555555551f3 <+127>:	mov    $0x0,%eax

24	}
   0x00005555555551f8 <+132>:	leaveq 
   0x00005555555551f9 <+133>:	retq   

End of assembler dump.
(gdb) p argc
$1 = 1
(gdb) rbp - 20
Undefined command: "rbp".  Try "help".
(gdb) rbpp *($rbp - 20)[K[K[K[K[K[K[K[K[K[K[K[K[K[K[K[K[Kp *($rbp - 20)
Attempt to dereference a generic pointer.
(gdb) p *(int *)($rbp - 20)
$2 = 1
(gdb) p argv
$3 = (const char **) 0x7fffffffe888
(gdb) p *(const char ***)($rbp - 32)
$4 = (const char **) 0x7fffffffe888
(gdb) p argv[0]
$5 = 0x7fffffffeae5 "/import/linux/home1/thur1/git-repos/i220a/work/lab9/files/hello"
(gdb) p (*(const char ***)($rbp - 0x20))[0]
$6 = 0x7fffffffeae5 "/import/linux/home1/thur1/git-repos/i220a/work/lab9/files/hello"
(gdb) display /i *$pc
1: x/i *$pc
=> 0x555555555183 <main+15>:	cmpl   $0x1,-0x14(%rbp)
(gdb) p $eflags
$7 = [ IF ]
(gdb) ni
0x0000555555555187	16	  if (argc == 1) {
1: x/i *$pc
=> 0x555555555187 <main+19>:	jne    0x5555555551b5 <main+65>
(gdb) p $eflags
$8 = [ PF ZF IF ]
(gdb) ni
17	    fprintf(stderr, "usage: %s NAME...\n", argv[0]);
1: x/i *$pc
=> 0x555555555189 <main+21>:	mov    -0x20(%rbp),%rax
(gdb) ni
0x000055555555518d	17	    fprintf(stderr, "usage: %s NAME...\n", argv[0]);
1: x/i *$pc
=> 0x55555555518d <main+25>:	mov    (%rax),%rdx
(gdb) ni
0x0000555555555190	17	    fprintf(stderr, "usage: %s NAME...\n", argv[0]);
1: x/i *$pc
=> 0x555555555190 <main+28>:	
    mov    0x2ec9(%rip),%rax        # 0x555555558060 <stderr@@GLIBC_2.2.5>
(gdb) ni
0x0000555555555197	17	    fprintf(stderr, "usage: %s NAME...\n", argv[0]);
1: x/i *$pc
=> 0x555555555197 <main+35>:	lea    0xe70(%rip),%rsi        # 0x55555555600e
(gdb) ni
0x000055555555519e	17	    fprintf(stderr, "usage: %s NAME...\n", argv[0]);
1: x/i *$pc
=> 0x55555555519e <main+42>:	mov    %rax,%rdi
(gdb) ni
0x00005555555551a1	17	    fprintf(stderr, "usage: %s NAME...\n", argv[0]);
1: x/i *$pc
=> 0x5555555551a1 <main+45>:	mov    $0x0,%eax
(gdb) ni
0x00005555555551a6	17	    fprintf(stderr, "usage: %s NAME...\n", argv[0]);
1: x/i *$pc
=> 0x5555555551a6 <main+50>:	callq  0x555555555030 <fprintf@plt>
(gdb) ni
usage: /import/linux/home1/thur1/git-repos/i220a/work/lab9/files/hello NAME...
18	    exit(0xdeadbeef);
1: x/i *$pc
=> 0x5555555551ab <main+55>:	mov    $0xdeadbeef,%edi
(gdb) ni
0x00005555555551b0	18	    exit(0xdeadbeef);
1: x/i *$pc
=> 0x5555555551b0 <main+60>:	callq  0x555555555040 <exit@plt>
(gdb) ni
[Inferior 1 (process 6473) exited with code 0357]
(gdb) q
thur1@remote03:~/git-repos/i220a/work/lab9/files$ gdb hel[K[K[K[K[K[K[Kmake clean
rm -f hello hello.s *.objdump *~
thur1@remote03:~/git-repos/i220a/work/lab9/files$ db[K[Kam[K[Kmake
cc -g -Wall  -std=c11    hello.c   -o hello
cc -g -Wall  -std=c11 -S hello.c
thur1@remote03:~/git-repos/i220a/work/lab9/files$ db[K[Kgdb hello
GNU gdb (Debian 8.2.1-2) 8.2.1
Copyright (C) 2018 Free Software Foundation, Inc.
License GPLv3+: GNU GPL version 3 or later <http://gnu.org/licenses/gpl.html>
This is free software: you are free to change and redistribute it.
There is NO WARRANTY, to the extent permitted by law.
Type "show copying" and "show warranty" for details.
This GDB was configured as "x86_64-linux-gnu".
Type "show configuration" for configuration details.
For bug reporting instructions, please see:
<http://www.gnu.org/software/gdb/bugs/>.
Find the GDB manual and other documentation resources online at:
    <http://www.gnu.org/software/gdb/documentation/>.

For help, type "help".
Type "apropos word" to search for commands related to "word"...
Reading symbols from hello...done.
(gdb) b hello()
Function "hello()" not defined.
Make breakpoint pending on future shared library load? (y or [n]) bh[K[Kno
(gdb) b hello
Breakpoint 1 at 0x1155: file hello.c, line 8.
(gdb) r joe
Starting program: /import/linux/home1/thur1/git-repos/i220a/work/lab9/files/hello joe

Breakpoint 1, hello (out=0x7ffff7f92760 <_IO_2_1_stdout_>, who=0x7fffffffeb21 "joe") at hello.c:8
8	  fprintf(out, "hello %s\n", who);
(gdb) p who
$1 = 0x7fffffffeb21 "joe"
(gdb) db[K[Kni
0x0000555555555159	8	  fprintf(out, "hello %s\n", who);
(gdb) ni
0x000055555555515d	8	  fprintf(out, "hello %s\n", who);
(gdb) ni
0x0000555555555164	8	  fprintf(out, "hello %s\n", who);
(gdb) ni
0x0000555555555167	8	  fprintf(out, "hello %s\n", who);
(gdb) ni
0x000055555555516c	8	  fprintf(out, "hello %s\n", who);
(gdb) b main
Breakpoint 2 at 0x555555555183: file hello.c, line 16.
(gdb) ni
hello joe
9	}
(gdb) ni
0x0000555555555172	9	}
(gdb) ni
0x0000555555555173	9	}
(gdb) i[Kni
main (argc=2, argv=0x7fffffffe878) at hello.c:20
20	  for (int i = 1; i < argc; i++) {
(gdb) ni
0x00005555555551eb	20	  for (int i = 1; i < argc; i++) {
(gdb) ni
0x00005555555551ee	20	  for (int i = 1; i < argc; i++) {
(gdb) ni
0x00005555555551f1	20	  for (int i = 1; i < argc; i++) {
(gdb) ni
23	  return 0;
(gdb) ni
24	}
(gdb) ni
0x00005555555551f9	24	}
(gdb) ni
__libc_start_main (main=0x555555555174 <main>, argc=2, argv=0x7fffffffe878, init=<optimized out>, 
    fini=<optimized out>, rtld_fini=<optimized out>, stack_end=0x7fffffffe868)
    at ../csu/libc-start.c:342
342	../csu/libc-start.c: No such file or directory.
(gdb) ni
0x00007ffff7dfa09d	342	in ../csu/libc-start.c
(gdb) g[Kq
A debugging session is active.

	Inferior 1 [process 7722] will be killed.

Quit anyway? (y or n) y
thur1@remote03:~/git-repos/i220a/work/lab9/files$ b main[K[K[K[K[K[Kgdb hello
GNU gdb (Debian 8.2.1-2) 8.2.1
Copyright (C) 2018 Free Software Foundation, Inc.
License GPLv3+: GNU GPL version 3 or later <http://gnu.org/licenses/gpl.html>
This is free software: you are free to change and redistribute it.
There is NO WARRANTY, to the extent permitted by law.
Type "show copying" and "show warranty" for details.
This GDB was configured as "x86_64-linux-gnu".
Type "show configuration" for configuration details.
For bug reporting instructions, please see:
<http://www.gnu.org/software/gdb/bugs/>.
Find the GDB manual and other documentation resources online at:
    <http://www.gnu.org/software/gdb/documentation/>.

For help, type "help".
Type "apropos word" to search for commands related to "word"...
Reading symbols from hello...done.
(gdb) b hello
Breakpoint 1 at 0x1155: file hello.c, line 8.
(gdb) r joe
Starting program: /import/linux/home1/thur1/git-repos/i220a/work/lab9/files/hello joe

Breakpoint 1, hello (out=0x7ffff7f92760 <_IO_2_1_stdout_>, who=0x7fffffffeb21 "joe") at hello.c:8
8	  fprintf(out, "hello %s\n", who);
(gdb) ni
0x0000555555555159	8	  fprintf(out, "hello %s\n", who);
(gdb) ni
0x000055555555515d	8	  fprintf(out, "hello %s\n", who);
(gdb) ni
0x0000555555555164	8	  fprintf(out, "hello %s\n", who);
(gdb) ni
0x0000555555555167	8	  fprintf(out, "hello %s\n", who);
(gdb) ni
0x000055555555516c	8	  fprintf(out, "hello %s\n", who);
(gdb) ni
hello joe
9	}
(gdb) ni
0x0000555555555172	9	}
(gdb) pi
>>> q
Traceback (most recent call last):
  File "<stdin>", line 1, in <module>
NameError: name 'q' is not defined
>>> q
Traceback (most recent call last):
  File "<stdin>", line 1, in <module>
NameError: name 'q' is not defined
>>> 
KeyboardInterrupt
>>> 
>>> quit
Use quit() or Ctrl-D (i.e. EOF) to exit
>>> quit()
thur1@remote03:~/git-repos/i220a/work/lab9/files$ emac[K[K[K[Kcd ..
thur1@remote03:~/git-repos/i220a/work/lab9$ c[Kemacs [K[K[K[K[K[Kl
bash: l: command not found
thur1@remote03:~/git-repos/i220a/work/lab9$ ls
files  lab9.html  lab9.log  lab9_output.txt  lab9_output.txt~  lab9.pdf  lab9.umt  Makefile
thur1@remote03:~/git-repos/i220a/work/lab9$ c[Kemacs lab9_output.txt
[?1049h[22;0;0t[?12;25h[?1h=[H[2J[35d[K[?1l>[?12l[?25h[?1049l[23;0;0t[39;49m[?1049h[22;0;0t[?12;25h[?1h=[H[2J[34d[?25l[7m-UUU:----F1  [0m[39;49m[27m[7m[1m*scratch*   [0m[39;49m[27m[7m   All L1     (Fundamental) -----------------------------------------------[0m[39;49m[27m
[A[2d[?12l[?25h[?12;25h[35d[?25lLoading /etc/emacs/site-start.d/00debian.el (source)...done[K[H
[?12l[?25h[?12;25h[35;33H[?25l50a2ps.el (source)...[K[H
[?12l[?25h[?12;25h[35;54H[?25ldone[H
[?12l[?25h[?12;25h[35;36H[?25lsymptote.el (source)...[H
[?12l[?25h[?12;25h[35;59H[?25ldone[H
[?12l[?25h[?12;25h[35;36H[?25lutoconf.el (source)...[K[H
[?12l[?25h[?12;25h[35;58H[?25ldone[H
[?12l[?25h[?12;25h[35;35H[?25lcmake-data.el (source)...[K[H
[?12l[?25h[?12;25h[35;60H[?25ldone[H
[?12l[?25h[?12;25h[35;35H[?25ldictionaries-common.el (source)...[H
[?12l[?25h[?12;25h[35;9H[?25ldebian-ispell...[K[H
[?12l[?25h[?12;25h[35;9H[?25l/var/cache/dictionaries-common/emacsen-ispell-default.el (source)...[H
[?12l[?25h[?12;25h[35;77H[?25ldone[H
[?12l[?25h[?12;25h[35;9H[?25ldebian-ispell...done[K[H
[?12l[?25h[?12;25h[35;9H[?25l/var/cache/dictionaries-common/emacsen-ispell-dicts.el (source)...[H
[?12l[?25h[?12;25h[35;75H[?25ldone[H
[?12l[?25h[?12;25h[35;10H[?25letc/emacs/site-start.d/50dictionaries-common[6P[H
[?12l[?25h[?12;25h[35;35H[?25lerlang-mode.el (source)...[K[H
[?12l[?25h[?12;25h[35;61H[?25ldone[H
[?12l[?25h[?12;25h[35;35H[?25lhaskell-mode.el (source)...[K[H
[?12l[?25h[?12;25h[35;10H[?25lusr/share/emacs/site-lisp/elpa/haskel[34@l-mode-16.1/haskell-mode-autoloads[H
[?12l[?25h[?12;25h[35;96H[?25ldone[H
[?12l[?25h[?12;25h[35;10H[?25letc/emacs/site-start.d/50haskell-mode[34P[H
[?12l[?25h[?12;25h[35;35H[?25llatex-cjk-common.el (source)...[H
[?12l[?25h[?12;25h[35;10H[?25lusr/share/emacs/site-lisp/latex-cjk-commo[9@n/cjk-enc[H
[?12l[?25h[?12;25h[35;75H[?25ldone[H
[?12l[?25h[?12;25h[35;10H[?25letc/emacs/site-start.d/50latex-cjk-common[9P[H
[?12l[?25h[?12;25h[35;45H[?25lthai.el (source)...[K[H
[?12l[?25h[?12;25h[35;64H[?25ldone[H
[?12l[?25h[?12;25h[35;35H[?25lpsvn.el (source)...[K[H
[?12l[?25h[?12;25h[35;54H[?25ldone[H
[?12l[?25h[?12;25h[35;36H[?25lython-docutils.el (source)...[H
[?12l[?25h[?12;25h[35;65H[?25ldone[H
[?12l[?25h[?12;25h[35;35H[?25ltcsh.el (source)...[K[H
[?12l[?25h[?12;25h[35;54H[?25ldone[H
[?12l[?25h[?12;25h[35;36H[?25lexlive-lang-english.el (source)...[H
[?12l[?25h[?12;25h[35;70H[?25ldone[H
[?12l[?25h[?12;25h[>0c[35d[?25lLoading /etc/emacs/site-start.d/50texlive-lang-english.el (source)...done[K[H[7mFile Edit Options Buffers Tools Lisp-Interaction Help                                               [0m[39;49m[27m
[A
[K
[K
[K
[K
[K
[K
[K
[K
[K
[K
[K
[K
[K
[K
[K
[K
[K
[K
[K
[K
[K
[K
[K
[K
[K
[K
[K
[K
[K
[K
[K
[K
[7m-UUU:----F1  [0m[39;49m[27m[7m[1m*scratch*   [0m[39;49m[27m[7m   All L1     (Lisp Interaction ElDoc) ------------------------------------[0m[39;49m[27m
[A[2d[?12l[?25h[?12;25h[?2004h[35d[?25lFor information about GNU Emacs and the GNU system, type C-h C-a.[K[H
[?12l[?25h[?12;25h[35d[K[H[?25l[7mFile Edit Options Buffers Tools Text Help                                                           [0m[39;49m[27m
[A
ex2) $0x7fffff was the mask, which was in the AND command within objdump -d mystery.o >mystery.objd\
[A
ump[K
[K
[K
[K
[K
[K
[K
[K
[K
[K
[K
[K
[K
[K
[K
[K
[K
[K
[K
[K
[K
[K
[K
[K
[K
[K
[K
[K
[K
[K
[K
[7m-UU-:----F1  [0m[39;49m[27m[7m[1mlab9_output.txt[0m[39;49m[27m[7m   All L1     (Text) ---------------------------------------------------[0m[39;49m[27m
[A[3d[?12l[?25h[?12;25h[C[C[C[34;6H[?25l[7m**--F1  [0m[39;49m[27m[7m[1mlab9_output.txt[0m[39;49m[27m[7m   All L2[0m[39;49m[27m[4;1H[?12l[?25h[?12;25h[34;37H[?25l[7m3[0m[39;49m[27m[5;1H[?12l[?25h[?12;25h[?25le[?12l[?25h[?12;25h[?25lx[?12l[?25h[?12;25h[?25l4[?12l[?25h[?12;25h[35;1H[?25lNo matching parenthesis found[5;4H[?12l[?25h[?12;25h[?25l)[?12l[?25h[?12;25h[35;1H[K[5;6H[?25ly[?12l[?25h[?12;25h[?25lo[?12l[?25h[?12;25h[?25lu[?12l[?25h[?12;25h[C[K[K[K[C[34;37H[?25l[7m4[0m[39;49m[27m[6;1H[?12l[?25h[?12;25h[?25lb[?12l[?25h[?12;25h[C[?25lm[?12l[?25h[?12;25h[?25la[?12l[?25h[?12;25h[?25li[?12l[?25h[?12;25h[?25ln[?12l[?25h[?12;25h[?25l([?12l[?25h[?12;25h[?25l[46m([39;49m)[?12l[?25h[?12;25h[?25l([34;37H[7m5[0m[39;49m[27m[7;1H[?12l[?25h[?12;25h[34;37H[?25l[7m4[0m[39;49m[27m[6;9H[?12l[?25h[?12;25h[K[K[K[K[K[K[C[C[K[?25lg[?12l[?25h[?12;25h[?25ld[?12l[?25h[?12;25h[?25lb[?12l[?25h[?12;25h[C[?25lh[?12l[?25h[?12;25h[?25le[?12l[?25h[?12;25h[?25ll[?12l[?25h[?12;25h[?25ll[?12l[?25h[?12;25h[?25lo[?12l[?25h[?12;25h[34;37H[?25l[7m5[0m[39;49m[27m[7;1H[?12l[?25h[?12;25h[?25lb[?12l[?25h[?12;25h[C[?25lh[?12l[?25h[?12;25h[?25le[?12l[?25h[?12;25h[?25ll[?12l[?25h[?12;25h[?25ll[?12l[?25h[?12;25h[?25lo[?12l[?25h[?12;25h[?25lo[?12l[?25h[?12;25h[K[34;37H[?25l[7m6[0m[39;49m[27m[8;1H[?12l[?25h[?12;25h[?25lr[?12l[?25h[?12;25h[C[?25lj[?12l[?25h[?12;25h[?25lo[?12l[?25h[?12;25h[?25le[?12l[?25h[?12;25h[34;37H[?25l[7m7[0m[39;49m[27m[9;1H[?12l[?25h[?12;25h[?25ln[?12l[?25h[?12;25h[?25li[?12l[?25h[?12;25h[34;37H[?25l[7m8[0m[39;49m[27m[10;1H[?12l[?25h[?12;25h[?25ln[?12l[?25h[?12;25h[?25li[?12l[?25h[?12;25h[?25ln[?12l[?25h[?12;25h[K[34;37H[?25l[7m9[0m[39;49m[27m[11;1H[?12l[?25h[?12;25h[?25ln[?12l[?25h[?12;25h[?25li[?12l[?25h[?12;25h[34;37H[?25l[7m10[0m[39;49m[27m[12;1H[?12l[?25h[?12;25h[?25lp[?12l[?25h[?12;25h[C[?25li[?12l[?25h[?12;25h[34;38H[?25l[7m1[0m[39;49m[27m[13;1H[?12l[?25h[?12;25h[?25l-[?12l[?25h[?12;25h[?25l-[?12l[?25h[?12;25h[?25l>[?12l[?25h[?12;25h[C[?25lh[?12l[?25h[?12;25h[?25le[?12l[?25h[?12;25h[?25ll[?12l[?25h[?12;25h[?25ll[?12l[?25h[?12;25h[?25lo[?12l[?25h[?12;25h[C[?25lj[?12l[?25h[?12;25h[?25lo[?12l[?25h[?12;25h[?25le[?12l[?25h[?12;25h[C[?25lp[?12l[?25h[?12;25h[?25lr[?12l[?25h[?12;25h[?25li[?12l[?25h[?12;25h[?25ln[?12l[?25h[?12;25h[?25lt[?12l[?25h[?12;25h[?25ls[?12l[?25h[?12;25h[C[?25lo[?12l[?25h[?12;25h[?25lu[?12l[?25h[?12;25h[?25lt[?12l[?25h[?12;25h[35;1H[?25lSaving file /home/thur1/git-repos/i220a/work/lab9/lab9_output.txt...[13;25H[?12l[?25h[?12;25h[35;1H[?25lWrote /home/thur1/git-repos/i220a/work/lab9/lab9_output.txt[K[13;25H[?12l[?25h[?12;25h[34;6H[?25l[7m--[0m[39;49m[27m[13;25H[?12l[?25h[?12;25h[35;1H[K[13;25H[35;1H[K[?2004l[?1l>[?12l[?25h[?1049l[23;0;0t[39;49mthur1@remote03:~/git-repos/i220a/work/lab9$ cd files
thur1@remote03:~/git-repos/i220a/work/lab9/files$ ls
hello  hello.c	hello.s  Makefile  mystery.o
thur1@remote03:~/git-repos/i220a/work/lab9/files$ make clean
rm -f hello hello.s *.objdump *~
thur1@remote03:~/git-repos/i220a/work/lab9/files$ ls
hello.c  Makefile  mystery.o
thur1@remote03:~/git-repos/i220a/work/lab9/files$ make
cc -g -Wall  -std=c11    hello.c   -o hello
cc -g -Wall  -std=c11 -S hello.c
thur1@remote03:~/git-repos/i220a/work/lab9/files$ db[K[Kgdb he[K[Khello
GNU gdb (Debian 8.2.1-2) 8.2.1
Copyright (C) 2018 Free Software Foundation, Inc.
License GPLv3+: GNU GPL version 3 or later <http://gnu.org/licenses/gpl.html>
This is free software: you are free to change and redistribute it.
There is NO WARRANTY, to the extent permitted by law.
Type "show copying" and "show warranty" for details.
This GDB was configured as "x86_64-linux-gnu".
Type "show configuration" for configuration details.
For bug reporting instructions, please see:
<http://www.gnu.org/software/gdb/bugs/>.
Find the GDB manual and other documentation resources online at:
    <http://www.gnu.org/software/gdb/documentation/>.

For help, type "help".
Type "apropos word" to search for commands related to "word"...
Reading symbols from hello...done.
(gdb) start joe
Temporary breakpoint 1 at 0x1183: file hello.c, line 16.
Starting program: /import/linux/home1/thur1/git-repos/i220a/work/lab9/files/hello joe

Temporary breakpoint 1, main (argc=2, argv=0x7fffffffe878) at hello.c:16
16	  if (argc == 1) {
(gdb) di[K[Kdisass /m
Dump of assembler code for function main:
15	{
   0x0000555555555174 <+0>:	push   %rbp
   0x0000555555555175 <+1>:	mov    %rsp,%rbp
   0x0000555555555178 <+4>:	sub    $0x20,%rsp
   0x000055555555517c <+8>:	mov    %edi,-0x14(%rbp)
   0x000055555555517f <+11>:	mov    %rsi,-0x20(%rbp)

16	  if (argc == 1) {
=> 0x0000555555555183 <+15>:	cmpl   $0x1,-0x14(%rbp)
   0x0000555555555187 <+19>:	jne    0x5555555551b5 <main+65>

17	    fprintf(stderr, "usage: %s NAME...\n", argv[0]);
   0x0000555555555189 <+21>:	mov    -0x20(%rbp),%rax
   0x000055555555518d <+25>:	mov    (%rax),%rdx
   0x0000555555555190 <+28>:	mov    0x2ec9(%rip),%rax        # 0x555555558060 <stderr@@GLIBC_2.2.5>
   0x0000555555555197 <+35>:	lea    0xe70(%rip),%rsi        # 0x55555555600e
   0x000055555555519e <+42>:	mov    %rax,%rdi
   0x00005555555551a1 <+45>:	mov    $0x0,%eax
   0x00005555555551a6 <+50>:	callq  0x555555555030 <fprintf@plt>

18	    exit(0xdeadbeef);
   0x00005555555551ab <+55>:	mov    $0xdeadbeef,%edi
   0x00005555555551b0 <+60>:	callq  0x555555555040 <exit@plt>

19	  }
20	  for (int i = 1; i < argc; i++) {
   0x00005555555551b5 <+65>:	movl   $0x1,-0x4(%rbp)
   0x00005555555551bc <+72>:	jmp    0x5555555551eb <main+119>
   0x00005555555551e7 <+115>:	addl   $0x1,-0x4(%rbp)
   0x00005555555551eb <+119>:	mov    -0x4(%rbp),%eax
   0x00005555555551ee <+122>:	cmp    -0x14(%rbp),%eax
   0x00005555555551f1 <+125>:	jl     0x5555555551be <main+74>
--Type <RET> for more, q to quit, c to continue without paging--c

21	    hello(stdout, argv[i]);
   0x00005555555551be <+74>:	mov    -0x4(%rbp),%eax
   0x00005555555551c1 <+77>:	cltq   
   0x00005555555551c3 <+79>:	lea    0x0(,%rax,8),%rdx
   0x00005555555551cb <+87>:	mov    -0x20(%rbp),%rax
   0x00005555555551cf <+91>:	add    %rdx,%rax
   0x00005555555551d2 <+94>:	mov    (%rax),%rdx
   0x00005555555551d5 <+97>:	mov    0x2e64(%rip),%rax        # 0x555555558040 <stdout@@GLIBC_2.2.5>
   0x00005555555551dc <+104>:	mov    %rdx,%rsi
   0x00005555555551df <+107>:	mov    %rax,%rdi
   0x00005555555551e2 <+110>:	callq  0x555555555145 <hello>

22	  }
23	  return 0;
   0x00005555555551f3 <+127>:	mov    $0x0,%eax

24	}
   0x00005555555551f8 <+132>:	leaveq 
   0x00005555555551f9 <+133>:	retq   

End of assembler dump.
(gdb) c
Continuing.
hello joe
[Inferior 1 (process 9332) exited normally]
(gdb) q
thur1@remote03:~/git-repos/i220a/work/lab9/files$ make clean
rm -f hello hello.s *.objdump *~
thur1@remote03:~/git-repos/i220a/work/lab9/files$ make
cc -g -Wall  -std=c11    hello.c   -o hello
cc -g -Wall  -std=c11 -S hello.c
thur1@remote03:~/git-repos/i220a/work/lab9/files$ gdb hello
GNU gdb (Debian 8.2.1-2) 8.2.1
Copyright (C) 2018 Free Software Foundation, Inc.
License GPLv3+: GNU GPL version 3 or later <http://gnu.org/licenses/gpl.html>
This is free software: you are free to change and redistribute it.
There is NO WARRANTY, to the extent permitted by law.
Type "show copying" and "show warranty" for details.
This GDB was configured as "x86_64-linux-gnu".
Type "show configuration" for configuration details.
For bug reporting instructions, please see:
<http://www.gnu.org/software/gdb/bugs/>.
Find the GDB manual and other documentation resources online at:
    <http://www.gnu.org/software/gdb/documentation/>.

For help, type "help".
Type "apropos word" to search for commands related to "word"...
Reading symbols from hello...done.
(gdb) start joe
Temporary breakpoint 1 at 0x1183: file hello.c, line 16.
Starting program: /import/linux/home1/thur1/git-repos/i220a/work/lab9/files/hello joe

Temporary breakpoint 1, main (argc=2, argv=0x7fffffffe878) at hello.c:16
16	  if (argc == 1) {
(gdb) disass /m
Dump of assembler code for function main:
15	{
   0x0000555555555174 <+0>:	push   %rbp
   0x0000555555555175 <+1>:	mov    %rsp,%rbp
   0x0000555555555178 <+4>:	sub    $0x20,%rsp
   0x000055555555517c <+8>:	mov    %edi,-0x14(%rbp)
   0x000055555555517f <+11>:	mov    %rsi,-0x20(%rbp)

16	  if (argc == 1) {
=> 0x0000555555555183 <+15>:	cmpl   $0x1,-0x14(%rbp)
   0x0000555555555187 <+19>:	jne    0x5555555551b5 <main+65>

17	    fprintf(stderr, "usage: %s NAME...\n", argv[0]);
   0x0000555555555189 <+21>:	mov    -0x20(%rbp),%rax
   0x000055555555518d <+25>:	mov    (%rax),%rdx
   0x0000555555555190 <+28>:	mov    0x2ec9(%rip),%rax        # 0x555555558060 <stderr@@GLIBC_2.2.5>
   0x0000555555555197 <+35>:	lea    0xe70(%rip),%rsi        # 0x55555555600e
   0x000055555555519e <+42>:	mov    %rax,%rdi
   0x00005555555551a1 <+45>:	mov    $0x0,%eax
   0x00005555555551a6 <+50>:	callq  0x555555555030 <fprintf@plt>

18	    exit(0xdeadbeef);
   0x00005555555551ab <+55>:	mov    $0xdeadbeef,%edi
   0x00005555555551b0 <+60>:	callq  0x555555555040 <exit@plt>

19	  }
20	  for (int i = 1; i < argc; i++) {
   0x00005555555551b5 <+65>:	movl   $0x1,-0x4(%rbp)
   0x00005555555551bc <+72>:	jmp    0x5555555551eb <main+119>
   0x00005555555551e7 <+115>:	addl   $0x1,-0x4(%rbp)
   0x00005555555551eb <+119>:	mov    -0x4(%rbp),%eax
   0x00005555555551ee <+122>:	cmp    -0x14(%rbp),%eax
   0x00005555555551f1 <+125>:	jl     0x5555555551be <main+74>
--Type <RET> for more, q to quit, c to continue without paging--b

21	    hello(stdout, argv[i]);
   0x00005555555551be <+74>:	mov    -0x4(%rbp),%eax
   0x00005555555551c1 <+77>:	cltq   
   0x00005555555551c3 <+79>:	lea    0x0(,%rax,8),%rdx
   0x00005555555551cb <+87>:	mov    -0x20(%rbp),%rax
   0x00005555555551cf <+91>:	add    %rdx,%rax
   0x00005555555551d2 <+94>:	mov    (%rax),%rdx
   0x00005555555551d5 <+97>:	mov    0x2e64(%rip),%rax        # 0x555555558040 <stdout@@GLIBC_2.2.5>
   0x00005555555551dc <+104>:	mov    %rdx,%rsi
   0x00005555555551df <+107>:	mov    %rax,%rdi
   0x00005555555551e2 <+110>:	callq  0x555555555145 <hello>

22	  }
23	  return 0;
   0x00005555555551f3 <+127>:	mov    $0x0,%eax

24	}
   0x00005555555551f8 <+132>:	leaveq 
   0x00005555555551f9 <+133>:	retq   

End of assembler dump.
(gdb) c
Continuing.
hello joe
[Inferior 1 (process 9486) exited normally]
(gdb) q
thur1@remote03:~/git-repos/i220a/work/lab9/files$ b[Kgdb hello
GNU gdb (Debian 8.2.1-2) 8.2.1
Copyright (C) 2018 Free Software Foundation, Inc.
License GPLv3+: GNU GPL version 3 or later <http://gnu.org/licenses/gpl.html>
This is free software: you are free to change and redistribute it.
There is NO WARRANTY, to the extent permitted by law.
Type "show copying" and "show warranty" for details.
This GDB was configured as "x86_64-linux-gnu".
Type "show configuration" for configuration details.
For bug reporting instructions, please see:
<http://www.gnu.org/software/gdb/bugs/>.
Find the GDB manual and other documentation resources online at:
    <http://www.gnu.org/software/gdb/documentation/>.

For help, type "help".
Type "apropos word" to search for commands related to "word"...
Reading symbols from hello...done.
(gdb) star j[K[Kt joe
Temporary breakpoint 1 at 0x1183: file hello.c, line 16.
Starting program: /import/linux/home1/thur1/git-repos/i220a/work/lab9/files/hello joe

Temporary breakpoint 1, main (argc=2, argv=0x7fffffffe878) at hello.c:16
16	  if (argc == 1) {
(gdb) dia[Ksass 'm[K[K'[K/m
Dump of assembler code for function main:
15	{
   0x0000555555555174 <+0>:	push   %rbp
   0x0000555555555175 <+1>:	mov    %rsp,%rbp
   0x0000555555555178 <+4>:	sub    $0x20,%rsp
   0x000055555555517c <+8>:	mov    %edi,-0x14(%rbp)
   0x000055555555517f <+11>:	mov    %rsi,-0x20(%rbp)

16	  if (argc == 1) {
=> 0x0000555555555183 <+15>:	cmpl   $0x1,-0x14(%rbp)
   0x0000555555555187 <+19>:	jne    0x5555555551b5 <main+65>

17	    fprintf(stderr, "usage: %s NAME...\n", argv[0]);
   0x0000555555555189 <+21>:	mov    -0x20(%rbp),%rax
   0x000055555555518d <+25>:	mov    (%rax),%rdx
   0x0000555555555190 <+28>:	mov    0x2ec9(%rip),%rax        # 0x555555558060 <stderr@@GLIBC_2.2.5>
   0x0000555555555197 <+35>:	lea    0xe70(%rip),%rsi        # 0x55555555600e
   0x000055555555519e <+42>:	mov    %rax,%rdi
   0x00005555555551a1 <+45>:	mov    $0x0,%eax
   0x00005555555551a6 <+50>:	callq  0x555555555030 <fprintf@plt>

18	    exit(0xdeadbeef);
   0x00005555555551ab <+55>:	mov    $0xdeadbeef,%edi
   0x00005555555551b0 <+60>:	callq  0x555555555040 <exit@plt>

19	  }
20	  for (int i = 1; i < argc; i++) {
   0x00005555555551b5 <+65>:	movl   $0x1,-0x4(%rbp)
   0x00005555555551bc <+72>:	jmp    0x5555555551eb <main+119>
   0x00005555555551e7 <+115>:	addl   $0x1,-0x4(%rbp)
   0x00005555555551eb <+119>:	mov    -0x4(%rbp),%eax
   0x00005555555551ee <+122>:	cmp    -0x14(%rbp),%eax
   0x00005555555551f1 <+125>:	jl     0x5555555551be <main+74>
--Type <RET> for more, q to quit, c to continue without paging--c

21	    hello(stdout, argv[i]);
   0x00005555555551be <+74>:	mov    -0x4(%rbp),%eax
   0x00005555555551c1 <+77>:	cltq   
   0x00005555555551c3 <+79>:	lea    0x0(,%rax,8),%rdx
   0x00005555555551cb <+87>:	mov    -0x20(%rbp),%rax
   0x00005555555551cf <+91>:	add    %rdx,%rax
   0x00005555555551d2 <+94>:	mov    (%rax),%rdx
   0x00005555555551d5 <+97>:	mov    0x2e64(%rip),%rax        # 0x555555558040 <stdout@@GLIBC_2.2.5>
   0x00005555555551dc <+104>:	mov    %rdx,%rsi
   0x00005555555551df <+107>:	mov    %rax,%rdi
   0x00005555555551e2 <+110>:	callq  0x555555555145 <hello>

22	  }
23	  return 0;
   0x00005555555551f3 <+127>:	mov    $0x0,%eax

24	}
   0x00005555555551f8 <+132>:	leaveq 
   0x00005555555551f9 <+133>:	retq   

End of assembler dump.
(gdb) l[Kpi[K i
No symbol "i" in current context.
(gdb) c
Continuing.
hello joe
[Inferior 1 (process 9636) exited normally]
(gdb) p i
No symbol "i" in current context.
(gdb) set  0x5555555551be =  0x5555555551be -1
Left operand of assignment is not an lvalue.
(gdb) set $(rax)[K[K[K[K[Krax = $rax -1
No registers.
(gdb) set 0x1 [K[K[K[K$ =[K[K0x1 [K [K = $0x1 -1
Argument to arithmetic operation not a number or boolean.
(gdb) Quit
(gdb) 
Argument to arithmetic operation not a number or boolean.
(gdb) quit
thur1@remote03:~/git-repos/i220a/work/lab9/files$ cd ..
thur1@remote03:~/git-repos/i220a/work/lab9$ cd[K[Kcd ..
thur1@remote03:~/git-repos/i220a/work$ cd ..
thur1@remote03:~/git-repos/i220a$ exit

Script done on 2019-10-20 16:07:15-04:00 [COMMAND_EXIT_CODE="0"]
